{"total": {"lines":{"total":712,"covered":697,"skipped":0,"pct":97.89},"statements":{"total":712,"covered":697,"skipped":0,"pct":97.89},"functions":{"total":8,"covered":8,"skipped":0,"pct":100},"branches":{"total":141,"covered":115,"skipped":0,"pct":81.56},"branchesTrue":{"total":0,"covered":0,"skipped":0,"pct":100}}
,"/Users/aroslavasilova/Documents/ITMO-Web-Barcard/src/backend/src/db.js": {"lines":{"total":9,"covered":9,"skipped":0,"pct":100},"functions":{"total":0,"covered":0,"skipped":0,"pct":100},"statements":{"total":9,"covered":9,"skipped":0,"pct":100},"branches":{"total":2,"covered":2,"skipped":0,"pct":100}}
,"/Users/aroslavasilova/Documents/ITMO-Web-Barcard/src/backend/src/models.js": {"lines":{"total":216,"covered":216,"skipped":0,"pct":100},"functions":{"total":2,"covered":2,"skipped":0,"pct":100},"statements":{"total":216,"covered":216,"skipped":0,"pct":100},"branches":{"total":15,"covered":14,"skipped":0,"pct":93.33}}
,"/Users/aroslavasilova/Documents/ITMO-Web-Barcard/src/backend/src/server.js": {"lines":{"total":33,"covered":30,"skipped":0,"pct":90.9},"functions":{"total":0,"covered":0,"skipped":0,"pct":100},"statements":{"total":33,"covered":30,"skipped":0,"pct":90.9},"branches":{"total":5,"covered":2,"skipped":0,"pct":40}}
,"/Users/aroslavasilova/Documents/ITMO-Web-Barcard/src/backend/src/middleware/auth.js": {"lines":{"total":47,"covered":47,"skipped":0,"pct":100},"functions":{"total":3,"covered":3,"skipped":0,"pct":100},"statements":{"total":47,"covered":47,"skipped":0,"pct":100},"branches":{"total":28,"covered":23,"skipped":0,"pct":82.14}}
,"/Users/aroslavasilova/Documents/ITMO-Web-Barcard/src/backend/src/routes/api.js": {"lines":{"total":122,"covered":122,"skipped":0,"pct":100},"functions":{"total":0,"covered":0,"skipped":0,"pct":100},"statements":{"total":122,"covered":122,"skipped":0,"pct":100},"branches":{"total":22,"covered":21,"skipped":0,"pct":95.45}}
,"/Users/aroslavasilova/Documents/ITMO-Web-Barcard/src/backend/src/routes/auth.js": {"lines":{"total":236,"covered":228,"skipped":0,"pct":96.61},"functions":{"total":1,"covered":1,"skipped":0,"pct":100},"statements":{"total":236,"covered":228,"skipped":0,"pct":96.61},"branches":{"total":63,"covered":50,"skipped":0,"pct":79.36}}
,"/Users/aroslavasilova/Documents/ITMO-Web-Barcard/src/backend/src/scripts/seed-super-admin.js": {"lines":{"total":33,"covered":31,"skipped":0,"pct":93.93},"functions":{"total":1,"covered":1,"skipped":0,"pct":100},"statements":{"total":33,"covered":31,"skipped":0,"pct":93.93},"branches":{"total":3,"covered":1,"skipped":0,"pct":33.33}}
,"/Users/aroslavasilova/Documents/ITMO-Web-Barcard/src/backend/src/scripts/sync.js": {"lines":{"total":16,"covered":14,"skipped":0,"pct":87.5},"functions":{"total":1,"covered":1,"skipped":0,"pct":100},"statements":{"total":16,"covered":14,"skipped":0,"pct":87.5},"branches":{"total":3,"covered":2,"skipped":0,"pct":66.66}}
}
