<?xml version="1.0" encoding="UTF-8"?>
<coverage generated="1764156622071" clover="3.2.0">
  <project timestamp="1764156622071" name="All files">
    <metrics statements="78" coveredstatements="70" conditionals="42" coveredconditionals="36" methods="17" coveredmethods="15" elements="137" coveredelements="121" complexity="0" loc="78" ncloc="78" packages="2" files="3" classes="3"/>
    <package name="authContext">
      <metrics statements="23" coveredstatements="19" conditionals="12" coveredconditionals="10" methods="10" coveredmethods="8"/>
      <file name="AuthContext.jsx" path="/Users/alyssanabokova/Documents/3year/5sem/web/ITMO-Web_Barcard/src/authContext/AuthContext.jsx">
        <metrics statements="22" coveredstatements="19" conditionals="12" coveredconditionals="10" methods="9" coveredmethods="8"/>
        <line num="3" count="1" type="stmt"/>
        <line num="6" count="7" type="cond" truecount="2" falsecount="0"/>
        <line num="7" count="7" type="stmt"/>
        <line num="8" count="7" type="cond" truecount="2" falsecount="0"/>
        <line num="10" count="7" type="stmt"/>
        <line num="11" count="7" type="stmt"/>
        <line num="12" count="7" type="cond" truecount="2" falsecount="0"/>
        <line num="15" count="7" type="stmt"/>
        <line num="16" count="7" type="cond" truecount="1" falsecount="1"/>
        <line num="17" count="7" type="stmt"/>
        <line num="20" count="7" type="stmt"/>
        <line num="21" count="7" type="cond" truecount="1" falsecount="1"/>
        <line num="24" count="7" type="stmt"/>
        <line num="25" count="7" type="cond" truecount="2" falsecount="0"/>
        <line num="26" count="3" type="stmt"/>
        <line num="28" count="4" type="stmt"/>
        <line num="32" count="7" type="stmt"/>
        <line num="33" count="0" type="stmt"/>
        <line num="34" count="0" type="stmt"/>
        <line num="35" count="0" type="stmt"/>
        <line num="38" count="7" type="stmt"/>
        <line num="39" count="7" type="stmt"/>
      </file>
      <file name="useAuth.js" path="/Users/alyssanabokova/Documents/3year/5sem/web/ITMO-Web_Barcard/src/authContext/useAuth.js">
        <metrics statements="1" coveredstatements="0" conditionals="0" coveredconditionals="0" methods="1" coveredmethods="0"/>
        <line num="5" count="0" type="stmt"/>
      </file>
    </package>
    <package name="sign-in-page">
      <metrics statements="55" coveredstatements="51" conditionals="30" coveredconditionals="26" methods="7" coveredmethods="7"/>
      <file name="BarmanAuthForm.jsx" path="/Users/alyssanabokova/Documents/3year/5sem/web/ITMO-Web_Barcard/src/sign-in-page/BarmanAuthForm.jsx">
        <metrics statements="55" coveredstatements="51" conditionals="30" coveredconditionals="26" methods="7" coveredmethods="7"/>
        <line num="12" count="74" type="stmt"/>
        <line num="13" count="74" type="stmt"/>
        <line num="14" count="74" type="stmt"/>
        <line num="15" count="74" type="stmt"/>
        <line num="16" count="74" type="stmt"/>
        <line num="17" count="74" type="stmt"/>
        <line num="18" count="74" type="stmt"/>
        <line num="19" count="74" type="stmt"/>
        <line num="20" count="74" type="stmt"/>
        <line num="22" count="74" type="stmt"/>
        <line num="24" count="74" type="stmt"/>
        <line num="25" count="5" type="stmt"/>
        <line num="27" count="5" type="stmt"/>
        <line num="28" count="5" type="stmt"/>
        <line num="29" count="5" type="stmt"/>
        <line num="31" count="5" type="stmt"/>
        <line num="32" count="5" type="cond" truecount="2" falsecount="0"/>
        <line num="33" count="1" type="stmt"/>
        <line num="34" count="1" type="stmt"/>
        <line num="36" count="5" type="cond" truecount="2" falsecount="0"/>
        <line num="37" count="1" type="stmt"/>
        <line num="38" count="1" type="stmt"/>
        <line num="40" count="5" type="cond" truecount="2" falsecount="0"/>
        <line num="41" count="1" type="stmt"/>
        <line num="42" count="1" type="stmt"/>
        <line num="44" count="5" type="cond" truecount="2" falsecount="0"/>
        <line num="46" count="4" type="stmt"/>
        <line num="47" count="4" type="cond" truecount="2" falsecount="0"/>
        <line num="48" count="1" type="stmt"/>
        <line num="49" count="1" type="stmt"/>
        <line num="52" count="3" type="stmt"/>
        <line num="53" count="3" type="stmt"/>
        <line num="64" count="3" type="stmt"/>
        <line num="66" count="3" type="cond" truecount="2" falsecount="0"/>
        <line num="67" count="2" type="cond" truecount="2" falsecount="0"/>
        <line num="68" count="1" type="stmt"/>
        <line num="69" count="1" type="cond" truecount="1" falsecount="1"/>
        <line num="70" count="1" type="stmt"/>
        <line num="72" count="0" type="stmt"/>
        <line num="74" count="2" type="stmt"/>
        <line num="77" count="1" type="cond" truecount="1" falsecount="1"/>
        <line num="78" count="0" type="stmt"/>
        <line num="79" count="0" type="stmt"/>
        <line num="82" count="1" type="cond" truecount="1" falsecount="1"/>
        <line num="83" count="1" type="stmt"/>
        <line num="84" count="1" type="cond" truecount="1" falsecount="1"/>
        <line num="87" count="1" type="stmt"/>
        <line num="88" count="1" type="stmt"/>
        <line num="91" count="0" type="stmt"/>
        <line num="95" count="74" type="stmt"/>
        <line num="107" count="16" type="stmt"/>
        <line num="119" count="25" type="stmt"/>
        <line num="125" count="2" type="stmt"/>
        <line num="142" count="17" type="stmt"/>
        <line num="148" count="2" type="stmt"/>
      </file>
    </package>
  </project>
</coverage>
