{"/Users/alyssanabokova/Documents/3year/5sem/web/ITMO-Web_Barcard/src/authContext/AuthContext.jsx": {"path":"/Users/alyssanabokova/Documents/3year/5sem/web/ITMO-Web_Barcard/src/authContext/AuthContext.jsx","statementMap":{"0":{"start":{"line":3,"column":6},"end":{"line":3,"column":null}},"1":{"start":{"line":6,"column":24},"end":{"line":6,"column":null}},"2":{"start":{"line":6,"column":43},"end":{"line":6,"column":82}},"3":{"start":{"line":7,"column":24},"end":{"line":9,"column":null}},"4":{"start":{"line":8,"column":4},"end":{"line":8,"column":null}},"5":{"start":{"line":8,"column":10},"end":{"line":8,"column":70}},"6":{"start":{"line":8,"column":80},"end":{"line":8,"column":91}},"7":{"start":{"line":10,"column":26},"end":{"line":13,"column":null}},"8":{"start":{"line":11,"column":24},"end":{"line":11,"column":null}},"9":{"start":{"line":12,"column":4},"end":{"line":12,"column":null}},"10":{"start":{"line":15,"column":2},"end":{"line":18,"column":null}},"11":{"start":{"line":16,"column":4},"end":{"line":17,"column":null}},"12":{"start":{"line":16,"column":15},"end":{"line":16,"column":null}},"13":{"start":{"line":17,"column":9},"end":{"line":17,"column":null}},"14":{"start":{"line":20,"column":2},"end":{"line":22,"column":null}},"15":{"start":{"line":21,"column":4},"end":{"line":21,"column":null}},"16":{"start":{"line":24,"column":4},"end":{"line":30,"column":null}},"17":{"start":{"line":25,"column":4},"end":{"line":29,"column":null}},"18":{"start":{"line":26,"column":6},"end":{"line":26,"column":null}},"19":{"start":{"line":28,"column":6},"end":{"line":28,"column":null}},"20":{"start":{"line":32,"column":17},"end":{"line":36,"column":null}},"21":{"start":{"line":33,"column":4},"end":{"line":33,"column":null}},"22":{"start":{"line":34,"column":4},"end":{"line":34,"column":null}},"23":{"start":{"line":35,"column":4},"end":{"line":35,"column":null}},"24":{"start":{"line":38,"column":8},"end":{"line":38,"column":null}},"25":{"start":{"line":38,"column":31},"end":{"line":38,"column":95}},"26":{"start":{"line":39,"column":2},"end":{"line":39,"column":null}}},"fnMap":{"0":{"name":"AuthProvider","decl":{"start":{"line":5,"column":16},"end":{"line":5,"column":29}},"loc":{"start":{"line":5,"column":43},"end":{"line":40,"column":null}},"line":5},"1":{"name":"(anonymous_1)","decl":{"start":{"line":6,"column":37},"end":{"line":6,"column":43}},"loc":{"start":{"line":6,"column":43},"end":{"line":6,"column":82}},"line":6},"2":{"name":"(anonymous_2)","decl":{"start":{"line":7,"column":37},"end":{"line":7,"column":43}},"loc":{"start":{"line":7,"column":43},"end":{"line":9,"column":3}},"line":7},"3":{"name":"(anonymous_3)","decl":{"start":{"line":10,"column":39},"end":{"line":10,"column":45}},"loc":{"start":{"line":10,"column":45},"end":{"line":13,"column":3}},"line":10},"4":{"name":"(anonymous_4)","decl":{"start":{"line":15,"column":12},"end":{"line":15,"column":18}},"loc":{"start":{"line":15,"column":18},"end":{"line":18,"column":5}},"line":15},"5":{"name":"(anonymous_5)","decl":{"start":{"line":20,"column":12},"end":{"line":20,"column":18}},"loc":{"start":{"line":20,"column":18},"end":{"line":22,"column":5}},"line":20},"6":{"name":"(anonymous_6)","decl":{"start":{"line":24,"column":14},"end":{"line":24,"column":20}},"loc":{"start":{"line":24,"column":20},"end":{"line":30,"column":7}},"line":24},"7":{"name":"(anonymous_7)","decl":{"start":{"line":32,"column":17},"end":{"line":32,"column":23}},"loc":{"start":{"line":32,"column":23},"end":{"line":36,"column":null}},"line":32},"8":{"name":"(anonymous_8)","decl":{"start":{"line":38,"column":24},"end":{"line":38,"column":31}},"loc":{"start":{"line":38,"column":31},"end":{"line":38,"column":95}},"line":38}},"branchMap":{"0":{"loc":{"start":{"line":6,"column":43},"end":{"line":6,"column":82}},"type":"binary-expr","locations":[{"start":{"line":6,"column":43},"end":{"line":6,"column":78}},{"start":{"line":6,"column":78},"end":{"line":6,"column":82}}],"line":6},"1":{"loc":{"start":{"line":8,"column":28},"end":{"line":8,"column":67}},"type":"binary-expr","locations":[{"start":{"line":8,"column":28},"end":{"line":8,"column":63}},{"start":{"line":8,"column":63},"end":{"line":8,"column":67}}],"line":8},"2":{"loc":{"start":{"line":12,"column":11},"end":{"line":12,"column":null}},"type":"cond-expr","locations":[{"start":{"line":12,"column":25},"end":{"line":12,"column":47}},{"start":{"line":12,"column":47},"end":{"line":12,"column":null}}],"line":12},"3":{"loc":{"start":{"line":16,"column":4},"end":{"line":17,"column":null}},"type":"if","locations":[{"start":{"line":16,"column":4},"end":{"line":17,"column":null}},{"start":{"line":17,"column":9},"end":{"line":17,"column":null}}],"line":16},"4":{"loc":{"start":{"line":21,"column":51},"end":{"line":21,"column":62}},"type":"binary-expr","locations":[{"start":{"line":21,"column":51},"end":{"line":21,"column":60}},{"start":{"line":21,"column":60},"end":{"line":21,"column":62}}],"line":21},"5":{"loc":{"start":{"line":25,"column":4},"end":{"line":29,"column":null}},"type":"if","locations":[{"start":{"line":25,"column":4},"end":{"line":29,"column":null}},{"start":{"line":27,"column":11},"end":{"line":29,"column":null}}],"line":25}},"s":{"0":1,"1":7,"2":7,"3":7,"4":7,"5":7,"6":0,"7":7,"8":7,"9":7,"10":7,"11":7,"12":0,"13":7,"14":7,"15":7,"16":7,"17":7,"18":3,"19":4,"20":7,"21":0,"22":0,"23":0,"24":7,"25":7,"26":7},"f":{"0":7,"1":7,"2":7,"3":7,"4":7,"5":7,"6":7,"7":0,"8":7},"b":{"0":[7,7],"1":[7,7],"2":[3,4],"3":[0,7],"4":[7,0],"5":[3,4]},"meta":{"lastBranch":6,"lastFunction":9,"lastStatement":27,"seen":{"s:3:6:3:Infinity":0,"f:5:16:5:29":0,"s:6:24:6:Infinity":1,"f:6:37:6:43":1,"s:6:43:6:82":2,"b:6:43:6:78:6:78:6:82":0,"s:7:24:9:Infinity":3,"f:7:37:7:43":2,"s:8:4:8:Infinity":4,"s:8:10:8:70":5,"b:8:28:8:63:8:63:8:67":1,"s:8:80:8:91":6,"s:10:26:13:Infinity":7,"f:10:39:10:45":3,"s:11:24:11:Infinity":8,"s:12:4:12:Infinity":9,"b:12:25:12:47:12:47:12:Infinity":2,"s:15:2:18:Infinity":10,"f:15:12:15:18":4,"b:16:4:17:Infinity:17:9:17:Infinity":3,"s:16:4:17:Infinity":11,"s:16:15:16:Infinity":12,"s:17:9:17:Infinity":13,"s:20:2:22:Infinity":14,"f:20:12:20:18":5,"s:21:4:21:Infinity":15,"b:21:51:21:60:21:60:21:62":4,"s:24:4:30:Infinity":16,"f:24:14:24:20":6,"b:25:4:29:Infinity:27:11:29:Infinity":5,"s:25:4:29:Infinity":17,"s:26:6:26:Infinity":18,"s:28:6:28:Infinity":19,"s:32:17:36:Infinity":20,"f:32:17:32:23":7,"s:33:4:33:Infinity":21,"s:34:4:34:Infinity":22,"s:35:4:35:Infinity":23,"s:38:8:38:Infinity":24,"f:38:24:38:31":8,"s:38:31:38:95":25,"s:39:2:39:Infinity":26}}}
,"/Users/alyssanabokova/Documents/3year/5sem/web/ITMO-Web_Barcard/src/authContext/useAuth.js": {"path":"/Users/alyssanabokova/Documents/3year/5sem/web/ITMO-Web_Barcard/src/authContext/useAuth.js","statementMap":{"0":{"start":{"line":5,"column":4},"end":{"line":5,"column":null}}},"fnMap":{"0":{"name":"useAuth","decl":{"start":{"line":4,"column":16},"end":{"line":4,"column":23}},"loc":{"start":{"line":4,"column":26},"end":{"line":6,"column":null}},"line":4}},"branchMap":{},"s":{"0":0},"f":{"0":0},"b":{},"meta":{"lastBranch":0,"lastFunction":1,"lastStatement":1,"seen":{"f:4:16:4:23":0,"s:5:4:5:Infinity":0}}}
,"/Users/alyssanabokova/Documents/3year/5sem/web/ITMO-Web_Barcard/src/sign-in-page/BarmanAuthForm.jsx": {"path":"/Users/alyssanabokova/Documents/3year/5sem/web/ITMO-Web_Barcard/src/sign-in-page/BarmanAuthForm.jsx","statementMap":{"0":{"start":{"line":12,"column":30},"end":{"line":12,"column":null}},"1":{"start":{"line":13,"column":32},"end":{"line":13,"column":null}},"2":{"start":{"line":14,"column":32},"end":{"line":14,"column":null}},"3":{"start":{"line":15,"column":28},"end":{"line":15,"column":null}},"4":{"start":{"line":16,"column":42},"end":{"line":16,"column":null}},"5":{"start":{"line":17,"column":42},"end":{"line":17,"column":null}},"6":{"start":{"line":18,"column":38},"end":{"line":18,"column":null}},"7":{"start":{"line":19,"column":32},"end":{"line":19,"column":null}},"8":{"start":{"line":20,"column":30},"end":{"line":20,"column":null}},"9":{"start":{"line":22,"column":10},"end":{"line":22,"column":null}},"10":{"start":{"line":24,"column":25},"end":{"line":93,"column":null}},"11":{"start":{"line":25,"column":8},"end":{"line":25,"column":null}},"12":{"start":{"line":27,"column":8},"end":{"line":27,"column":null}},"13":{"start":{"line":28,"column":8},"end":{"line":28,"column":null}},"14":{"start":{"line":29,"column":8},"end":{"line":29,"column":null}},"15":{"start":{"line":31,"column":23},"end":{"line":31,"column":null}},"16":{"start":{"line":32,"column":8},"end":{"line":35,"column":null}},"17":{"start":{"line":33,"column":12},"end":{"line":33,"column":null}},"18":{"start":{"line":34,"column":12},"end":{"line":34,"column":null}},"19":{"start":{"line":36,"column":8},"end":{"line":39,"column":null}},"20":{"start":{"line":37,"column":12},"end":{"line":37,"column":null}},"21":{"start":{"line":38,"column":12},"end":{"line":38,"column":null}},"22":{"start":{"line":40,"column":8},"end":{"line":43,"column":null}},"23":{"start":{"line":41,"column":12},"end":{"line":41,"column":null}},"24":{"start":{"line":42,"column":12},"end":{"line":42,"column":null}},"25":{"start":{"line":44,"column":8},"end":{"line":44,"column":null}},"26":{"start":{"line":44,"column":22},"end":{"line":44,"column":null}},"27":{"start":{"line":46,"column":22},"end":{"line":46,"column":null}},"28":{"start":{"line":47,"column":8},"end":{"line":50,"column":null}},"29":{"start":{"line":48,"column":12},"end":{"line":48,"column":null}},"30":{"start":{"line":49,"column":12},"end":{"line":49,"column":null}},"31":{"start":{"line":52,"column":8},"end":{"line":92,"column":null}},"32":{"start":{"line":53,"column":29},"end":{"line":62,"column":null}},"33":{"start":{"line":64,"column":25},"end":{"line":64,"column":null}},"34":{"start":{"line":66,"column":12},"end":{"line":75,"column":null}},"35":{"start":{"line":67,"column":16},"end":{"line":73,"column":null}},"36":{"start":{"line":68,"column":20},"end":{"line":68,"column":null}},"37":{"start":{"line":69,"column":16},"end":{"line":73,"column":null}},"38":{"start":{"line":70,"column":20},"end":{"line":70,"column":null}},"39":{"start":{"line":72,"column":20},"end":{"line":72,"column":null}},"40":{"start":{"line":74,"column":16},"end":{"line":74,"column":null}},"41":{"start":{"line":77,"column":12},"end":{"line":80,"column":null}},"42":{"start":{"line":78,"column":16},"end":{"line":78,"column":null}},"43":{"start":{"line":79,"column":16},"end":{"line":79,"column":null}},"44":{"start":{"line":82,"column":12},"end":{"line":85,"column":null}},"45":{"start":{"line":83,"column":16},"end":{"line":83,"column":null}},"46":{"start":{"line":84,"column":16},"end":{"line":84,"column":null}},"47":{"start":{"line":87,"column":12},"end":{"line":87,"column":null}},"48":{"start":{"line":88,"column":12},"end":{"line":88,"column":null}},"49":{"start":{"line":91,"column":12},"end":{"line":91,"column":null}},"50":{"start":{"line":95,"column":4},"end":{"line":160,"column":null}},"51":{"start":{"line":107,"column":33},"end":{"line":107,"column":null}},"52":{"start":{"line":119,"column":33},"end":{"line":119,"column":null}},"53":{"start":{"line":125,"column":55},"end":{"line":125,"column":null}},"54":{"start":{"line":142,"column":33},"end":{"line":142,"column":null}},"55":{"start":{"line":148,"column":55},"end":{"line":148,"column":null}}},"fnMap":{"0":{"name":"BarmanAuthForm","decl":{"start":{"line":11,"column":24},"end":{"line":11,"column":41}},"loc":{"start":{"line":11,"column":41},"end":{"line":162,"column":null}},"line":11},"1":{"name":"(anonymous_1)","decl":{"start":{"line":24,"column":25},"end":{"line":24,"column":32}},"loc":{"start":{"line":24,"column":38},"end":{"line":93,"column":null}},"line":24},"2":{"name":"(anonymous_2)","decl":{"start":{"line":107,"column":26},"end":{"line":107,"column":27}},"loc":{"start":{"line":107,"column":33},"end":{"line":107,"column":null}},"line":107},"3":{"name":"(anonymous_3)","decl":{"start":{"line":119,"column":26},"end":{"line":119,"column":27}},"loc":{"start":{"line":119,"column":33},"end":{"line":119,"column":null}},"line":119},"4":{"name":"(anonymous_4)","decl":{"start":{"line":125,"column":49},"end":{"line":125,"column":55}},"loc":{"start":{"line":125,"column":55},"end":{"line":125,"column":null}},"line":125},"5":{"name":"(anonymous_5)","decl":{"start":{"line":142,"column":26},"end":{"line":142,"column":27}},"loc":{"start":{"line":142,"column":33},"end":{"line":142,"column":null}},"line":142},"6":{"name":"(anonymous_6)","decl":{"start":{"line":148,"column":49},"end":{"line":148,"column":55}},"loc":{"start":{"line":148,"column":55},"end":{"line":148,"column":null}},"line":148}},"branchMap":{"0":{"loc":{"start":{"line":32,"column":8},"end":{"line":35,"column":null}},"type":"if","locations":[{"start":{"line":32,"column":8},"end":{"line":35,"column":null}},{"start":{},"end":{}}],"line":32},"1":{"loc":{"start":{"line":36,"column":8},"end":{"line":39,"column":null}},"type":"if","locations":[{"start":{"line":36,"column":8},"end":{"line":39,"column":null}},{"start":{},"end":{}}],"line":36},"2":{"loc":{"start":{"line":40,"column":8},"end":{"line":43,"column":null}},"type":"if","locations":[{"start":{"line":40,"column":8},"end":{"line":43,"column":null}},{"start":{},"end":{}}],"line":40},"3":{"loc":{"start":{"line":44,"column":8},"end":{"line":44,"column":null}},"type":"if","locations":[{"start":{"line":44,"column":8},"end":{"line":44,"column":null}},{"start":{},"end":{}}],"line":44},"4":{"loc":{"start":{"line":47,"column":8},"end":{"line":50,"column":null}},"type":"if","locations":[{"start":{"line":47,"column":8},"end":{"line":50,"column":null}},{"start":{},"end":{}}],"line":47},"5":{"loc":{"start":{"line":66,"column":12},"end":{"line":75,"column":null}},"type":"if","locations":[{"start":{"line":66,"column":12},"end":{"line":75,"column":null}},{"start":{},"end":{}}],"line":66},"6":{"loc":{"start":{"line":67,"column":16},"end":{"line":73,"column":null}},"type":"if","locations":[{"start":{"line":67,"column":16},"end":{"line":73,"column":null}},{"start":{"line":69,"column":16},"end":{"line":73,"column":null}}],"line":67},"7":{"loc":{"start":{"line":69,"column":16},"end":{"line":73,"column":null}},"type":"if","locations":[{"start":{"line":69,"column":16},"end":{"line":73,"column":null}},{"start":{"line":71,"column":23},"end":{"line":73,"column":null}}],"line":69},"8":{"loc":{"start":{"line":77,"column":12},"end":{"line":80,"column":null}},"type":"if","locations":[{"start":{"line":77,"column":12},"end":{"line":80,"column":null}},{"start":{},"end":{}}],"line":77},"9":{"loc":{"start":{"line":82,"column":12},"end":{"line":85,"column":null}},"type":"if","locations":[{"start":{"line":82,"column":12},"end":{"line":85,"column":null}},{"start":{},"end":{}}],"line":82},"10":{"loc":{"start":{"line":84,"column":25},"end":{"line":84,"column":80}},"type":"cond-expr","locations":[{"start":{"line":84,"column":60},"end":{"line":84,"column":78}},{"start":{"line":84,"column":78},"end":{"line":84,"column":80}}],"line":84},"11":{"loc":{"start":{"line":117,"column":22},"end":{"line":117,"column":null}},"type":"cond-expr","locations":[{"start":{"line":117,"column":33},"end":{"line":117,"column":46}},{"start":{"line":117,"column":46},"end":{"line":117,"column":null}}],"line":117},"12":{"loc":{"start":{"line":126,"column":34},"end":{"line":126,"column":null}},"type":"cond-expr","locations":[{"start":{"line":126,"column":45},"end":{"line":126,"column":66}},{"start":{"line":126,"column":66},"end":{"line":126,"column":null}}],"line":126},"13":{"loc":{"start":{"line":140,"column":22},"end":{"line":140,"column":null}},"type":"cond-expr","locations":[{"start":{"line":140,"column":32},"end":{"line":140,"column":45}},{"start":{"line":140,"column":45},"end":{"line":140,"column":null}}],"line":140},"14":{"loc":{"start":{"line":149,"column":34},"end":{"line":149,"column":null}},"type":"cond-expr","locations":[{"start":{"line":149,"column":44},"end":{"line":149,"column":65}},{"start":{"line":149,"column":65},"end":{"line":149,"column":null}}],"line":149}},"s":{"0":74,"1":74,"2":74,"3":74,"4":74,"5":74,"6":74,"7":74,"8":74,"9":74,"10":74,"11":5,"12":5,"13":5,"14":5,"15":5,"16":5,"17":1,"18":1,"19":5,"20":1,"21":1,"22":5,"23":1,"24":1,"25":5,"26":1,"27":4,"28":4,"29":1,"30":1,"31":3,"32":3,"33":3,"34":3,"35":2,"36":1,"37":1,"38":1,"39":0,"40":2,"41":1,"42":0,"43":0,"44":1,"45":1,"46":1,"47":1,"48":1,"49":0,"50":74,"51":16,"52":25,"53":2,"54":17,"55":2},"f":{"0":74,"1":5,"2":16,"3":25,"4":2,"5":17,"6":2},"b":{"0":[1,4],"1":[1,4],"2":[1,4],"3":[1,4],"4":[1,3],"5":[2,1],"6":[1,1],"7":[1,0],"8":[0,1],"9":[1,0],"10":[1,0],"11":[73,1],"12":[73,1],"13":[73,1],"14":[73,1]},"meta":{"lastBranch":15,"lastFunction":7,"lastStatement":56,"seen":{"f:11:24:11:41":0,"s:12:30:12:Infinity":0,"s:13:32:13:Infinity":1,"s:14:32:14:Infinity":2,"s:15:28:15:Infinity":3,"s:16:42:16:Infinity":4,"s:17:42:17:Infinity":5,"s:18:38:18:Infinity":6,"s:19:32:19:Infinity":7,"s:20:30:20:Infinity":8,"s:22:10:22:Infinity":9,"s:24:25:93:Infinity":10,"f:24:25:24:32":1,"s:25:8:25:Infinity":11,"s:27:8:27:Infinity":12,"s:28:8:28:Infinity":13,"s:29:8:29:Infinity":14,"s:31:23:31:Infinity":15,"b:32:8:35:Infinity:undefined:undefined:undefined:undefined":0,"s:32:8:35:Infinity":16,"s:33:12:33:Infinity":17,"s:34:12:34:Infinity":18,"b:36:8:39:Infinity:undefined:undefined:undefined:undefined":1,"s:36:8:39:Infinity":19,"s:37:12:37:Infinity":20,"s:38:12:38:Infinity":21,"b:40:8:43:Infinity:undefined:undefined:undefined:undefined":2,"s:40:8:43:Infinity":22,"s:41:12:41:Infinity":23,"s:42:12:42:Infinity":24,"b:44:8:44:Infinity:undefined:undefined:undefined:undefined":3,"s:44:8:44:Infinity":25,"s:44:22:44:Infinity":26,"s:46:22:46:Infinity":27,"b:47:8:50:Infinity:undefined:undefined:undefined:undefined":4,"s:47:8:50:Infinity":28,"s:48:12:48:Infinity":29,"s:49:12:49:Infinity":30,"s:52:8:92:Infinity":31,"s:53:29:62:Infinity":32,"s:64:25:64:Infinity":33,"b:66:12:75:Infinity:undefined:undefined:undefined:undefined":5,"s:66:12:75:Infinity":34,"b:67:16:73:Infinity:69:16:73:Infinity":6,"s:67:16:73:Infinity":35,"s:68:20:68:Infinity":36,"b:69:16:73:Infinity:71:23:73:Infinity":7,"s:69:16:73:Infinity":37,"s:70:20:70:Infinity":38,"s:72:20:72:Infinity":39,"s:74:16:74:Infinity":40,"b:77:12:80:Infinity:undefined:undefined:undefined:undefined":8,"s:77:12:80:Infinity":41,"s:78:16:78:Infinity":42,"s:79:16:79:Infinity":43,"b:82:12:85:Infinity:undefined:undefined:undefined:undefined":9,"s:82:12:85:Infinity":44,"s:83:16:83:Infinity":45,"s:84:16:84:Infinity":46,"b:84:60:84:78:84:78:84:80":10,"s:87:12:87:Infinity":47,"s:88:12:88:Infinity":48,"s:91:12:91:Infinity":49,"s:95:4:160:Infinity":50,"f:107:26:107:27":2,"s:107:33:107:Infinity":51,"b:117:33:117:46:117:46:117:Infinity":11,"f:119:26:119:27":3,"s:119:33:119:Infinity":52,"f:125:49:125:55":4,"s:125:55:125:Infinity":53,"b:126:45:126:66:126:66:126:Infinity":12,"b:140:32:140:45:140:45:140:Infinity":13,"f:142:26:142:27":5,"s:142:33:142:Infinity":54,"f:148:49:148:55":6,"s:148:55:148:Infinity":55,"b:149:44:149:65:149:65:149:Infinity":14}}}
}
