{"total": {"lines":{"total":200,"covered":187,"skipped":0,"pct":93.5},"statements":{"total":200,"covered":187,"skipped":0,"pct":93.5},"functions":{"total":11,"covered":9,"skipped":0,"pct":81.81},"branches":{"total":50,"covered":42,"skipped":0,"pct":84},"branchesTrue":{"total":0,"covered":0,"skipped":0,"pct":100}}
,"/Users/alyssanabokova/Documents/3year/5sem/web/ITMO-Web_Barcard/src/authContext/AuthContext.jsx": {"lines":{"total":34,"covered":30,"skipped":0,"pct":88.23},"functions":{"total":2,"covered":1,"skipped":0,"pct":50},"statements":{"total":34,"covered":30,"skipped":0,"pct":88.23},"branches":{"total":15,"covered":12,"skipped":0,"pct":80}}
,"/Users/alyssanabokova/Documents/3year/5sem/web/ITMO-Web_Barcard/src/authContext/useAuth.js": {"lines":{"total":5,"covered":3,"skipped":0,"pct":60},"functions":{"total":1,"covered":0,"skipped":0,"pct":0},"statements":{"total":5,"covered":3,"skipped":0,"pct":60},"branches":{"total":0,"covered":0,"skipped":0,"pct":100}}
,"/Users/alyssanabokova/Documents/3year/5sem/web/ITMO-Web_Barcard/src/sign-in-page/BarmanAuthForm.jsx": {"lines":{"total":137,"covered":130,"skipped":0,"pct":94.89},"functions":{"total":7,"covered":7,"skipped":0,"pct":100},"statements":{"total":137,"covered":130,"skipped":0,"pct":94.89},"branches":{"total":31,"covered":27,"skipped":0,"pct":87.09}}
,"/Users/alyssanabokova/Documents/3year/5sem/web/ITMO-Web_Barcard/src/sign-in-page/SignInPage.jsx": {"lines":{"total":24,"covered":24,"skipped":0,"pct":100},"functions":{"total":1,"covered":1,"skipped":0,"pct":100},"statements":{"total":24,"covered":24,"skipped":0,"pct":100},"branches":{"total":4,"covered":3,"skipped":0,"pct":75}}
}
