{"total": {"lines":{"total":1154,"covered":1130,"skipped":0,"pct":97.92},"statements":{"total":1154,"covered":1130,"skipped":0,"pct":97.92},"functions":{"total":25,"covered":25,"skipped":0,"pct":100},"branches":{"total":233,"covered":191,"skipped":0,"pct":81.97},"branchesTrue":{"total":0,"covered":0,"skipped":0,"pct":100}}
,"/Users/aroslavasilova/Documents/ITMO-Web-Barcard/src/authContext/AuthContext.jsx": {"lines":{"total":34,"covered":34,"skipped":0,"pct":100},"functions":{"total":2,"covered":2,"skipped":0,"pct":100},"statements":{"total":34,"covered":34,"skipped":0,"pct":100},"branches":{"total":19,"covered":18,"skipped":0,"pct":94.73}}
,"/Users/aroslavasilova/Documents/ITMO-Web-Barcard/src/authContext/useAuth.js": {"lines":{"total":5,"covered":5,"skipped":0,"pct":100},"functions":{"total":1,"covered":1,"skipped":0,"pct":100},"statements":{"total":5,"covered":5,"skipped":0,"pct":100},"branches":{"total":1,"covered":1,"skipped":0,"pct":100}}
,"/Users/aroslavasilova/Documents/ITMO-Web-Barcard/src/backend/src/db.js": {"lines":{"total":9,"covered":9,"skipped":0,"pct":100},"functions":{"total":0,"covered":0,"skipped":0,"pct":100},"statements":{"total":9,"covered":9,"skipped":0,"pct":100},"branches":{"total":3,"covered":3,"skipped":0,"pct":100}}
,"/Users/aroslavasilova/Documents/ITMO-Web-Barcard/src/backend/src/models.js": {"lines":{"total":216,"covered":216,"skipped":0,"pct":100},"functions":{"total":2,"covered":2,"skipped":0,"pct":100},"statements":{"total":216,"covered":216,"skipped":0,"pct":100},"branches":{"total":15,"covered":14,"skipped":0,"pct":93.33}}
,"/Users/aroslavasilova/Documents/ITMO-Web-Barcard/src/backend/src/server.js": {"lines":{"total":33,"covered":30,"skipped":0,"pct":90.9},"functions":{"total":0,"covered":0,"skipped":0,"pct":100},"statements":{"total":33,"covered":30,"skipped":0,"pct":90.9},"branches":{"total":5,"covered":2,"skipped":0,"pct":40}}
,"/Users/aroslavasilova/Documents/ITMO-Web-Barcard/src/backend/src/middleware/auth.js": {"lines":{"total":47,"covered":47,"skipped":0,"pct":100},"functions":{"total":3,"covered":3,"skipped":0,"pct":100},"statements":{"total":47,"covered":47,"skipped":0,"pct":100},"branches":{"total":26,"covered":23,"skipped":0,"pct":88.46}}
,"/Users/aroslavasilova/Documents/ITMO-Web-Barcard/src/backend/src/routes/api.js": {"lines":{"total":122,"covered":122,"skipped":0,"pct":100},"functions":{"total":0,"covered":0,"skipped":0,"pct":100},"statements":{"total":122,"covered":122,"skipped":0,"pct":100},"branches":{"total":22,"covered":21,"skipped":0,"pct":95.45}}
,"/Users/aroslavasilova/Documents/ITMO-Web-Barcard/src/backend/src/routes/auth.js": {"lines":{"total":236,"covered":228,"skipped":0,"pct":96.61},"functions":{"total":1,"covered":1,"skipped":0,"pct":100},"statements":{"total":236,"covered":228,"skipped":0,"pct":96.61},"branches":{"total":62,"covered":50,"skipped":0,"pct":80.64}}
,"/Users/aroslavasilova/Documents/ITMO-Web-Barcard/src/backend/src/scripts/seed-super-admin.js": {"lines":{"total":33,"covered":31,"skipped":0,"pct":93.93},"functions":{"total":1,"covered":1,"skipped":0,"pct":100},"statements":{"total":33,"covered":31,"skipped":0,"pct":93.93},"branches":{"total":3,"covered":1,"skipped":0,"pct":33.33}}
,"/Users/aroslavasilova/Documents/ITMO-Web-Barcard/src/backend/src/scripts/sync.js": {"lines":{"total":16,"covered":14,"skipped":0,"pct":87.5},"functions":{"total":1,"covered":1,"skipped":0,"pct":100},"statements":{"total":16,"covered":14,"skipped":0,"pct":87.5},"branches":{"total":3,"covered":2,"skipped":0,"pct":66.66}}
,"/Users/aroslavasilova/Documents/ITMO-Web-Barcard/src/icons/heartIcon.js": {"lines":{"total":39,"covered":39,"skipped":0,"pct":100},"functions":{"total":1,"covered":1,"skipped":0,"pct":100},"statements":{"total":39,"covered":39,"skipped":0,"pct":100},"branches":{"total":4,"covered":1,"skipped":0,"pct":25}}
,"/Users/aroslavasilova/Documents/ITMO-Web-Barcard/src/icons/starIcon.js": {"lines":{"total":79,"covered":79,"skipped":0,"pct":100},"functions":{"total":3,"covered":3,"skipped":0,"pct":100},"statements":{"total":79,"covered":79,"skipped":0,"pct":100},"branches":{"total":14,"covered":11,"skipped":0,"pct":78.57}}
,"/Users/aroslavasilova/Documents/ITMO-Web-Barcard/src/icons/userIcon.js": {"lines":{"total":46,"covered":46,"skipped":0,"pct":100},"functions":{"total":1,"covered":1,"skipped":0,"pct":100},"statements":{"total":46,"covered":46,"skipped":0,"pct":100},"branches":{"total":4,"covered":1,"skipped":0,"pct":25}}
,"/Users/aroslavasilova/Documents/ITMO-Web-Barcard/src/personal-acount-page/PersonalAccountPage.jsx": {"lines":{"total":78,"covered":76,"skipped":0,"pct":97.43},"functions":{"total":1,"covered":1,"skipped":0,"pct":100},"statements":{"total":78,"covered":76,"skipped":0,"pct":97.43},"branches":{"total":17,"covered":13,"skipped":0,"pct":76.47}}
,"/Users/aroslavasilova/Documents/ITMO-Web-Barcard/src/sign-in-page/BarmanAuthForm.jsx": {"lines":{"total":137,"covered":130,"skipped":0,"pct":94.89},"functions":{"total":7,"covered":7,"skipped":0,"pct":100},"statements":{"total":137,"covered":130,"skipped":0,"pct":94.89},"branches":{"total":31,"covered":27,"skipped":0,"pct":87.09}}
,"/Users/aroslavasilova/Documents/ITMO-Web-Barcard/src/sign-in-page/SignInPage.jsx": {"lines":{"total":24,"covered":24,"skipped":0,"pct":100},"functions":{"total":1,"covered":1,"skipped":0,"pct":100},"statements":{"total":24,"covered":24,"skipped":0,"pct":100},"branches":{"total":4,"covered":3,"skipped":0,"pct":75}}
}
