TN:
SF:src/CocktailsListPage.jsx
FN:9,CocktailListPage
FN:56,onChange
FNF:2
FNH:2
FNDA:16,CocktailListPage
FNDA:7,onChange
DA:1,1
DA:2,1
DA:3,1
DA:4,1
DA:5,1
DA:6,1
DA:7,1
DA:9,16
DA:10,16
DA:11,16
DA:12,16
DA:13,16
DA:14,16
DA:15,16
DA:16,16
DA:17,16
DA:18,16
DA:20,16
DA:21,18
DA:22,16
DA:24,16
DA:25,6
DA:26,6
DA:27,6
DA:28,6
DA:29,6
DA:30,6
DA:31,16
DA:33,16
DA:34,16
DA:35,16
DA:36,16
DA:37,16
DA:38,16
DA:39,16
DA:40,16
DA:41,16
DA:44,16
DA:46,16
DA:49,16
DA:50,16
DA:51,16
DA:52,16
DA:53,16
DA:54,16
DA:55,16
DA:56,16
DA:57,16
DA:58,16
DA:59,16
DA:60,16
DA:61,16
DA:68,16
DA:69,16
DA:70,16
DA:72,16
DA:73,9
DA:75,7
DA:77,16
DA:79,16
DA:80,1
LF:61
LH:61
BRDA:9,0,0,16
BRDA:72,1,0,9
BRDA:73,2,0,7
BRDA:20,3,0,18
BRDA:24,4,0,6
BRDA:56,5,0,7
BRF:6
BRH:6
end_of_record
TN:
SF:src/ErrorModal.jsx
FN:3,ErrorModal
FNF:1
FNH:1
FNDA:4,ErrorModal
DA:1,1
DA:3,4
DA:4,4
DA:5,4
DA:6,4
DA:7,4
DA:8,4
DA:9,4
DA:10,4
DA:11,4
DA:12,4
DA:13,4
DA:14,4
DA:15,4
DA:16,4
DA:18,4
DA:19,4
DA:20,4
DA:21,4
DA:22,4
DA:23,4
DA:24,4
DA:25,4
DA:26,4
DA:27,4
DA:29,4
DA:30,4
DA:31,4
DA:32,4
DA:34,4
DA:36,1
LF:31
LH:31
BRDA:3,0,0,4
BRF:1
BRH:1
end_of_record
TN:
SF:src/ProtectedRoute.jsx
FN:4,ProtectedRoute
FNF:1
FNH:1
FNDA:4,ProtectedRoute
DA:1,1
DA:2,1
DA:4,4
DA:5,4
DA:7,4
DA:8,3
DA:9,3
DA:10,3
DA:11,3
DA:12,3
DA:13,3
LF:11
LH:11
BRDA:4,0,0,4
BRDA:7,1,0,3
BRDA:8,2,0,0
BRDA:10,3,0,1
BRDA:9,4,0,4
BRF:5
BRH:4
end_of_record
TN:
SF:src/apiFetch.js
FN:1,useApiFetch
FN:2,apiFetch
FNF:2
FNH:2
FNDA:61,useApiFetch
FNDA:17,apiFetch
DA:1,1
DA:2,61
DA:3,17
DA:4,17
DA:5,17
DA:6,17
DA:7,17
DA:9,17
DA:10,14
DA:11,14
DA:13,2
DA:14,2
DA:15,2
DA:16,2
DA:18,17
DA:19,1
DA:20,1
DA:22,1
DA:23,1
DA:24,1
DA:25,1
DA:26,1
DA:27,1
DA:28,1
DA:29,1
DA:30,61
DA:31,61
LF:27
LH:27
BRDA:1,0,0,61
BRDA:2,1,0,17
BRDA:7,2,0,16
BRDA:9,3,0,14
BRDA:11,4,0,2
BRDA:18,5,0,1
BRF:6
BRH:6
end_of_record
TN:
SF:src/admin/AdminPage.jsx
FN:12,AdminPage
FNF:1
FNH:1
FNDA:3,AdminPage
DA:1,1
DA:2,1
DA:3,1
DA:10,1
DA:12,3
DA:13,3
DA:14,3
DA:15,3
DA:16,3
DA:17,3
DA:19,3
DA:21,3
DA:22,3
DA:23,3
DA:24,3
DA:25,3
DA:26,3
DA:28,3
DA:29,2
DA:30,2
DA:32,2
DA:33,2
DA:35,2
DA:36,2
DA:38,2
DA:39,2
DA:41,3
DA:42,3
DA:44,3
DA:46,1
LF:30
LH:30
BRDA:12,0,0,3
BRDA:14,1,0,2
BRDA:14,2,0,0
BRDA:28,3,0,2
BRF:4
BRH:3
end_of_record
TN:
SF:src/admin/bar-admin/AdminRegisterBarmanForm.jsx
FN:11,AdminRegisterBarmanForm
FN:31,onChange
FN:43,onSubmit
FN:120,onClick
FNF:4
FNH:3
FNDA:30,AdminRegisterBarmanForm
FNDA:12,onChange
FNDA:8,onSubmit
FNDA:0,onClick
DA:1,1
DA:2,1
DA:3,1
DA:4,1
DA:5,1
DA:6,1
DA:7,1
DA:8,1
DA:9,1
DA:11,30
DA:12,30
DA:13,30
DA:14,30
DA:16,30
DA:17,30
DA:18,30
DA:19,30
DA:20,30
DA:22,30
DA:23,30
DA:24,30
DA:26,30
DA:27,30
DA:28,30
DA:31,30
DA:32,12
DA:33,12
DA:35,12
DA:36,12
DA:37,12
DA:39,12
DA:40,12
DA:41,12
DA:43,8
DA:44,8
DA:45,8
DA:46,8
DA:48,8
DA:49,8
DA:50,8
DA:51,8
DA:53,8
DA:54,8
DA:55,8
DA:56,1
DA:57,8
DA:58,1
DA:59,1
DA:61,8
DA:63,8
DA:64,1
DA:65,1
DA:66,1
DA:68,5
DA:69,5
DA:70,5
DA:71,5
DA:72,5
DA:73,5
DA:74,5
DA:75,5
DA:76,5
DA:77,5
DA:78,5
DA:79,5
DA:80,5
DA:81,5
DA:82,5
DA:83,5
DA:84,5
DA:86,8
DA:87,1
DA:88,1
DA:89,1
DA:90,1
DA:92,8
DA:93,1
DA:94,1
DA:95,1
DA:96,1
DA:98,8
DA:99,1
DA:100,1
DA:101,1
DA:102,1
DA:104,8
DA:105,1
DA:106,1
DA:108,8
DA:109,8
DA:110,1
DA:111,8
DA:112,5
DA:113,5
DA:114,8
DA:116,30
DA:117,30
DA:118,30
DA:119,30
DA:120,30
DA:121,30
DA:122,30
DA:124,30
DA:125,30
DA:126,30
DA:127,30
DA:129,30
DA:130,30
DA:131,30
DA:132,30
DA:133,30
DA:134,30
DA:135,30
DA:136,30
DA:137,30
DA:139,30
DA:140,30
DA:141,30
DA:142,30
DA:143,30
DA:144,30
DA:145,30
DA:146,30
DA:147,30
DA:149,30
DA:150,30
DA:151,30
DA:152,30
DA:153,30
DA:154,30
DA:155,30
DA:156,30
DA:157,30
DA:159,30
DA:160,5
DA:161,5
DA:162,5
DA:164,30
DA:165,1
DA:166,1
DA:167,1
DA:170,30
DA:171,30
DA:172,30
DA:173,30
DA:174,30
DA:176,30
DA:177,30
DA:178,30
DA:180,30
LF:150
LH:150
BRDA:11,0,0,30
BRDA:159,1,0,5
BRDA:164,2,0,1
BRDA:176,3,0,5
BRDA:176,4,0,25
BRDA:31,5,0,12
BRDA:35,6,0,4
BRDA:36,7,0,4
BRDA:37,8,0,4
BRDA:33,9,0,12
BRDA:43,10,0,8
BRDA:53,11,0,1
BRDA:54,12,0,1
BRDA:55,13,0,1
BRDA:57,14,0,7
BRDA:57,15,0,1
BRDA:61,16,0,2
BRDA:61,17,0,6
BRDA:63,18,0,5
BRDA:63,19,0,1
BRDA:66,20,0,5
BRDA:86,21,0,1
BRDA:87,22,0,0
BRDA:90,23,0,4
BRDA:92,24,0,1
BRDA:93,25,0,0
BRDA:96,26,0,3
BRDA:98,27,0,1
BRDA:99,28,0,0
BRDA:102,29,0,2
BRDA:104,30,0,1
BRDA:105,31,0,0
BRDA:105,32,0,0
BRDA:108,33,0,0
BRDA:109,34,0,1
BRDA:110,35,0,0
BRDA:111,36,0,2
BRDA:111,37,0,5
BRF:38
BRH:31
end_of_record
TN:
SF:src/admin/bar-admin/RegisterBarmanPage.jsx
FN:6,RegisterBarmenPage
FNF:1
FNH:1
FNDA:1,RegisterBarmenPage
DA:1,1
DA:2,1
DA:3,1
DA:6,1
DA:7,1
DA:8,1
DA:9,1
DA:10,1
DA:11,1
DA:12,1
DA:15,1
DA:16,1
LF:12
LH:12
BRDA:6,0,0,1
BRF:1
BRH:1
end_of_record
TN:
SF:src/admin/super-admin/AdminRegisterBarForm.jsx
FN:11,AdminRegisterBarForm
FN:33,onChange
FN:46,isValidUrl
FN:56,onSubmit
FN:142,onClick
FNF:5
FNH:4
FNDA:22,AdminRegisterBarForm
FNDA:7,onChange
FNDA:1,isValidUrl
FNDA:6,onSubmit
FNDA:0,onClick
DA:1,1
DA:2,1
DA:3,1
DA:4,1
DA:5,1
DA:6,1
DA:7,1
DA:8,1
DA:11,22
DA:12,22
DA:13,22
DA:15,22
DA:16,22
DA:17,22
DA:18,22
DA:19,22
DA:20,22
DA:21,22
DA:23,22
DA:24,22
DA:25,22
DA:27,22
DA:28,22
DA:29,22
DA:30,22
DA:31,22
DA:33,22
DA:34,7
DA:35,7
DA:37,7
DA:38,7
DA:39,7
DA:40,7
DA:41,7
DA:42,7
DA:43,7
DA:44,7
DA:46,22
DA:47,1
DA:48,1
DA:49,1
DA:50,1
DA:51,1
DA:52,1
DA:53,1
DA:54,1
DA:56,22
DA:57,6
DA:58,6
DA:59,6
DA:61,6
DA:62,6
DA:63,6
DA:64,6
DA:65,6
DA:67,6
DA:69,6
DA:70,1
DA:71,1
DA:72,1
DA:74,6
DA:75,1
DA:76,1
DA:77,1
DA:79,6
DA:80,1
DA:81,1
DA:82,1
DA:84,6
DA:86,4
DA:87,4
DA:88,4
DA:89,4
DA:90,4
DA:91,6
DA:92,6
DA:93,6
DA:94,6
DA:96,6
DA:97,6
DA:98,6
DA:99,6
DA:100,6
DA:101,6
DA:102,6
DA:103,6
DA:105,4
DA:107,6
DA:108,1
DA:109,1
DA:110,1
DA:111,6
DA:112,1
DA:113,1
DA:114,1
DA:115,6
DA:116,1
DA:117,1
DA:118,1
DA:119,1
DA:120,0
DA:121,0
DA:122,1
DA:123,1
DA:125,6
DA:126,0
DA:127,0
DA:129,6
DA:130,6
DA:131,0
DA:132,6
DA:133,4
DA:134,4
DA:135,6
DA:137,22
DA:138,22
DA:139,22
DA:140,22
DA:141,22
DA:142,22
DA:143,22
DA:144,22
DA:146,22
DA:147,22
DA:148,22
DA:149,22
DA:150,22
DA:151,22
DA:152,22
DA:153,22
DA:154,22
DA:155,22
DA:156,22
DA:157,22
DA:158,22
DA:160,22
LF:136
LH:131
BRDA:11,0,0,22
BRDA:155,1,0,2
BRDA:156,2,0,1
BRDA:157,3,0,4
BRDA:157,4,0,18
BRDA:33,5,0,7
BRDA:37,6,0,3
BRDA:38,7,0,0
BRDA:39,8,0,0
BRDA:40,9,0,1
BRDA:41,10,0,3
BRDA:35,11,0,7
BRDA:46,12,0,1
BRDA:47,13,0,0
BRDA:50,14,0,0
BRDA:56,15,0,6
BRDA:69,16,0,1
BRDA:74,17,0,1
BRDA:74,18,0,1
BRDA:79,19,0,1
BRDA:84,20,0,2
BRDA:84,21,0,4
BRDA:91,22,0,4
BRDA:92,23,0,4
BRDA:103,24,0,4
BRDA:107,25,0,1
BRDA:108,26,0,0
BRDA:110,27,0,3
BRDA:111,28,0,1
BRDA:112,29,0,0
BRDA:114,30,0,2
BRDA:115,31,0,1
BRDA:116,32,0,0
BRDA:119,33,0,0
BRDA:125,34,0,0
BRDA:127,35,0,1
BRDA:129,36,0,0
BRDA:130,37,0,0
BRDA:132,38,0,1
BRDA:132,39,0,4
BRF:40
BRH:29
end_of_record
TN:
SF:src/admin/super-admin/RegisterBarPage.jsx
FN:5,RegisterBarPage
FNF:1
FNH:1
FNDA:1,RegisterBarPage
DA:1,1
DA:2,1
DA:3,1
DA:5,1
DA:6,1
DA:7,1
DA:8,1
DA:9,1
DA:10,1
DA:11,1
DA:12,1
DA:14,1
DA:15,1
LF:13
LH:13
BRDA:5,0,0,1
BRF:1
BRH:1
end_of_record
TN:
SF:src/admin/super-admin/SuperAssignUserPage.jsx
FN:15,SuperAssignUserPage
FN:47,onToggleRole
FN:58,onChange
FN:65,onSubmit
FN:135,onClick
FN:154,onChange
FN:160,onChange
FNF:7
FNH:5
FNDA:12,SuperAssignUserPage
FNDA:1,onToggleRole
FNDA:4,onChange
FNDA:2,onSubmit
FNDA:0,onClick
FNDA:1,onChange
FNDA:0,onChange
DA:1,1
DA:2,1
DA:3,1
DA:4,1
DA:5,1
DA:6,1
DA:7,1
DA:8,1
DA:9,1
DA:10,1
DA:11,1
DA:12,1
DA:13,1
DA:15,12
DA:16,12
DA:17,12
DA:19,12
DA:20,12
DA:21,12
DA:22,12
DA:23,12
DA:24,12
DA:25,12
DA:26,12
DA:28,12
DA:29,12
DA:30,12
DA:32,12
DA:33,2
DA:34,2
DA:35,2
DA:36,2
DA:37,2
DA:38,2
DA:39,2
DA:40,2
DA:41,0
DA:42,0
DA:43,2
DA:44,12
DA:47,12
DA:48,1
DA:49,1
DA:50,1
DA:51,1
DA:52,1
DA:53,1
DA:54,1
DA:55,1
DA:56,1
DA:58,12
DA:59,4
DA:60,4
DA:61,4
DA:62,4
DA:63,4
DA:65,2
DA:66,2
DA:67,2
DA:69,2
DA:70,2
DA:72,2
DA:73,2
DA:74,0
DA:75,0
DA:76,0
DA:78,2
DA:79,0
DA:80,0
DA:81,2
DA:82,0
DA:83,0
DA:84,0
DA:86,2
DA:87,2
DA:88,2
DA:89,2
DA:90,2
DA:91,1
DA:93,1
DA:94,1
DA:95,1
DA:96,1
DA:97,1
DA:98,1
DA:99,1
DA:100,1
DA:101,1
DA:102,1
DA:103,1
DA:104,1
DA:105,1
DA:106,1
DA:107,1
DA:108,1
DA:110,1
DA:112,2
DA:113,0
DA:114,0
DA:115,0
DA:117,2
DA:118,0
DA:119,0
DA:120,0
DA:122,2
DA:123,2
DA:124,0
DA:125,2
DA:126,1
DA:127,1
DA:128,2
DA:130,12
DA:131,12
DA:132,12
DA:133,12
DA:134,12
DA:135,12
DA:136,12
DA:137,12
DA:139,12
DA:140,12
DA:141,12
DA:142,12
DA:144,12
DA:145,12
DA:146,12
DA:148,12
DA:149,12
DA:150,12
DA:151,12
DA:152,12
DA:153,12
DA:154,12
DA:155,12
DA:156,12
DA:157,12
DA:158,12
DA:159,12
DA:160,12
DA:161,12
DA:162,12
DA:164,12
DA:165,12
DA:166,12
DA:168,12
DA:169,12
DA:171,12
DA:172,12
DA:173,12
DA:174,12
DA:176,12
LF:151
LH:134
BRDA:15,0,0,12
BRDA:168,1,0,2
BRDA:169,2,0,1
BRDA:172,3,0,1
BRDA:172,4,0,11
BRDA:32,5,0,2
BRDA:33,6,0,2
BRDA:40,7,0,0
BRDA:47,8,0,1
BRDA:48,9,0,1
BRDA:49,10,0,0
BRDA:50,11,0,0
BRDA:58,12,0,4
BRDA:60,13,0,4
BRDA:65,14,0,2
BRDA:72,15,0,1
BRDA:73,16,0,1
BRDA:73,17,0,0
BRDA:76,18,0,1
BRDA:78,19,0,0
BRDA:81,20,0,1
BRDA:81,21,0,0
BRDA:86,22,0,0
BRDA:89,23,0,0
BRDA:89,24,0,1
BRDA:90,25,0,0
BRDA:90,26,0,1
BRDA:91,27,0,0
BRDA:91,28,0,1
BRDA:112,29,0,0
BRDA:115,30,0,1
BRDA:117,31,0,0
BRDA:120,32,0,1
BRDA:122,33,0,0
BRDA:123,34,0,0
BRDA:125,35,0,1
BRDA:87,36,0,2
BRDA:87,37,0,1
BRDA:145,38,0,16
BRDA:154,39,0,1
BRF:40
BRH:26
end_of_record
TN:
SF:src/admin/super-admin/SuperGrantBarAdminPage.jsx
FN:8,SuperGrantBarAdminPage
FN:24,loadBars
FN:47,loadStaff
FN:71,onSubmit
FN:101,onClick
FN:115,onChange
FN:128,onChange
FN:137,onChange
FNF:8
FNH:6
FNDA:11,SuperGrantBarAdminPage
FNDA:2,loadBars
FNDA:3,loadStaff
FNDA:2,onSubmit
FNDA:0,onClick
FNDA:1,onChange
FNDA:1,onChange
FNDA:0,onChange
DA:1,1
DA:2,1
DA:3,1
DA:4,1
DA:5,1
DA:6,1
DA:8,11
DA:9,11
DA:10,11
DA:12,11
DA:13,11
DA:14,11
DA:15,11
DA:16,11
DA:17,11
DA:18,11
DA:19,11
DA:20,11
DA:22,11
DA:23,2
DA:24,2
DA:25,2
DA:26,2
DA:27,2
DA:28,2
DA:29,2
DA:30,2
DA:31,2
DA:32,2
DA:33,0
DA:34,2
DA:35,2
DA:36,0
DA:37,2
DA:38,2
DA:39,2
DA:40,2
DA:41,2
DA:42,2
DA:43,11
DA:45,11
DA:46,3
DA:47,3
DA:48,3
DA:49,3
DA:50,3
DA:51,1
DA:52,1
DA:53,1
DA:54,1
DA:55,1
DA:56,1
DA:57,1
DA:58,1
DA:59,0
DA:60,1
DA:61,3
DA:62,0
DA:63,3
DA:64,1
DA:65,1
DA:66,3
DA:67,3
DA:68,3
DA:69,11
DA:71,11
DA:72,2
DA:73,2
DA:74,2
DA:75,2
DA:76,1
DA:77,1
DA:78,1
DA:79,1
DA:80,1
DA:81,1
DA:82,1
DA:83,1
DA:84,2
DA:85,2
DA:86,0
DA:87,0
DA:88,2
DA:90,11
DA:91,11
DA:92,1
DA:93,1
DA:94,11
DA:96,11
DA:97,11
DA:98,11
DA:99,11
DA:100,11
DA:101,11
DA:102,11
DA:103,11
DA:105,11
DA:106,11
DA:107,11
DA:108,11
DA:110,11
DA:111,11
DA:112,11
DA:113,11
DA:114,11
DA:115,11
DA:116,11
DA:118,11
DA:119,5
DA:120,11
DA:121,11
DA:123,11
DA:124,11
DA:125,11
DA:126,11
DA:127,11
DA:128,11
DA:129,11
DA:130,11
DA:132,11
DA:133,2
DA:134,11
DA:135,11
DA:137,11
DA:138,11
DA:139,11
DA:140,11
DA:142,11
DA:143,11
DA:144,11
DA:145,11
DA:147,11
LF:132
LH:126
BRDA:8,0,0,11
BRDA:129,1,0,4
BRDA:130,2,0,7
BRDA:130,3,0,4
BRDA:130,4,0,2
BRDA:130,5,0,2
BRDA:137,6,0,0
BRDA:142,7,0,2
BRDA:143,8,0,0
BRDA:22,9,0,2
BRDA:24,10,0,2
BRDA:32,11,0,0
BRDA:32,12,0,0
BRDA:35,13,0,0
BRDA:42,14,0,2
BRDA:45,15,0,3
BRDA:47,16,0,3
BRDA:50,17,0,2
BRDA:50,18,0,1
BRDA:58,19,0,0
BRDA:58,20,0,0
BRDA:61,21,0,0
BRDA:63,22,0,1
BRDA:68,23,0,3
BRDA:71,24,0,2
BRDA:74,25,0,1
BRDA:75,26,0,0
BRDA:75,27,0,1
BRDA:84,28,0,0
BRDA:85,29,0,0
BRDA:90,30,0,4
BRDA:90,31,0,1
BRDA:91,32,0,6
BRDA:91,33,0,1
BRDA:93,34,0,0
BRDA:93,35,0,0
BRDA:115,36,0,1
BRDA:118,37,0,5
BRDA:128,38,0,1
BRDA:132,39,0,2
BRF:40
BRH:27
end_of_record
TN:
SF:src/admin/super-admin/SuperLoginPage.jsx
FN:10,SuperLoginPage
FN:19,onSubmit
FN:63,onChange
FN:74,onChange
FNF:4
FNH:4
FNDA:12,SuperLoginPage
FNDA:3,onSubmit
FNDA:2,onChange
FNDA:2,onChange
DA:1,1
DA:2,1
DA:3,1
DA:4,1
DA:5,1
DA:6,1
DA:7,1
DA:8,1
DA:10,12
DA:11,12
DA:12,12
DA:14,12
DA:15,12
DA:16,12
DA:17,12
DA:19,12
DA:20,3
DA:21,3
DA:22,1
DA:23,1
DA:24,1
DA:25,2
DA:26,2
DA:27,2
DA:28,2
DA:29,2
DA:30,2
DA:31,2
DA:32,2
DA:33,2
DA:35,2
DA:37,3
DA:38,1
DA:39,1
DA:40,1
DA:42,3
DA:43,3
DA:45,3
DA:46,3
DA:47,0
DA:48,3
DA:49,2
DA:50,2
DA:51,3
DA:53,12
DA:54,12
DA:55,12
DA:57,12
DA:59,12
DA:60,12
DA:61,12
DA:62,12
DA:63,12
DA:64,12
DA:65,12
DA:66,12
DA:67,12
DA:69,12
DA:70,12
DA:71,12
DA:72,12
DA:73,12
DA:74,12
DA:75,12
DA:76,12
DA:77,12
DA:78,12
DA:80,12
DA:81,2
DA:82,2
DA:83,2
DA:86,12
DA:87,12
DA:88,12
DA:89,12
DA:91,12
LF:76
LH:75
BRDA:10,0,0,12
BRDA:80,1,0,2
BRDA:87,2,0,2
BRDA:87,3,0,10
BRDA:19,4,0,3
BRDA:21,5,0,2
BRDA:21,6,0,1
BRDA:24,7,0,2
BRDA:37,8,0,1
BRDA:38,9,0,0
BRDA:42,10,0,1
BRDA:42,11,0,0
BRDA:46,12,0,0
BRDA:48,13,0,1
BRDA:48,14,0,2
BRDA:63,15,0,2
BRDA:74,16,0,2
BRF:17
BRH:14
end_of_record
TN:
SF:src/authContext/AuthContext.jsx
FN:5,AuthProvider
FN:93,logout
FNF:2
FNH:2
FNDA:30,AuthProvider
FNDA:1,logout
DA:1,1
DA:3,1
DA:5,1
DA:7,30
DA:8,23
DA:9,30
DA:11,30
DA:12,28
DA:13,30
DA:15,30
DA:16,23
DA:17,23
DA:18,30
DA:20,30
DA:21,23
DA:22,23
DA:23,30
DA:25,30
DA:26,28
DA:27,22
DA:28,30
DA:30,30
DA:31,24
DA:32,1
DA:33,30
DA:35,30
DA:36,23
DA:37,30
DA:39,30
DA:40,23
DA:41,0
DA:42,23
DA:43,23
DA:44,23
DA:45,30
DA:47,30
DA:48,23
DA:49,30
DA:51,30
DA:52,23
DA:53,0
DA:54,23
DA:55,23
DA:56,23
DA:57,30
DA:59,30
DA:60,23
DA:61,23
DA:62,23
DA:63,23
DA:64,0
DA:65,0
DA:66,30
DA:68,30
DA:69,23
DA:70,0
DA:71,23
DA:72,23
DA:73,23
DA:74,30
DA:76,30
DA:77,30
DA:79,30
DA:80,30
DA:81,30
DA:82,30
DA:83,30
DA:84,30
DA:85,30
DA:86,30
DA:88,30
DA:89,30
DA:90,30
DA:91,30
DA:93,30
DA:94,1
DA:95,1
DA:96,1
DA:97,1
DA:98,30
DA:99,30
DA:100,30
DA:102,30
DA:103,30
DA:105,1
LF:85
LH:80
BRDA:5,0,0,30
BRDA:7,1,0,23
BRDA:8,2,0,13
BRDA:8,3,0,0
BRDA:11,4,0,28
BRDA:12,5,0,1
BRDA:15,6,0,23
BRDA:17,7,0,3
BRDA:17,8,0,20
BRDA:20,9,0,23
BRDA:25,10,0,28
BRDA:26,11,0,6
BRDA:26,12,0,22
BRDA:30,13,0,24
BRDA:31,14,0,23
BRDA:31,15,0,1
BRDA:35,16,0,23
BRDA:39,17,0,23
BRDA:40,18,0,0
BRDA:47,19,0,23
BRDA:51,20,0,23
BRDA:52,21,0,0
BRDA:59,22,0,23
BRDA:62,23,0,0
BRDA:63,24,0,0
BRDA:68,25,0,23
BRDA:69,26,0,0
BRDA:77,27,0,30
BRDA:93,28,0,1
BRF:29
BRH:23
end_of_record
TN:
SF:src/authContext/useAuth.js
FN:4,useAuth
FNF:1
FNH:1
FNDA:20,useAuth
DA:1,1
DA:2,1
DA:4,1
DA:5,20
DA:6,20
LF:5
LH:5
BRDA:4,0,0,20
BRF:1
BRH:1
end_of_record
TN:
SF:src/favourites-page/FavouritesPage.jsx
FN:11,FavouritesPage
FN:45,onClick
FNF:2
FNH:2
FNDA:8,FavouritesPage
FNDA:1,onClick
DA:1,1
DA:2,1
DA:3,1
DA:4,1
DA:5,1
DA:6,1
DA:7,1
DA:8,1
DA:9,1
DA:11,8
DA:13,8
DA:14,8
DA:15,8
DA:17,8
DA:19,8
DA:20,4
DA:22,4
DA:23,4
DA:24,4
DA:25,4
DA:26,4
DA:27,4
DA:28,4
DA:29,4
DA:30,4
DA:31,4
DA:32,4
DA:33,4
DA:34,4
DA:35,4
DA:36,4
DA:37,4
DA:38,8
DA:40,8
DA:41,8
DA:42,8
DA:43,8
DA:44,8
DA:45,8
DA:46,8
DA:47,8
DA:49,8
DA:50,8
DA:51,8
DA:52,6
DA:54,2
DA:55,2
DA:56,2
DA:57,2
DA:58,2
DA:59,2
DA:60,2
DA:63,8
DA:65,8
DA:66,1
LF:55
LH:55
BRDA:11,0,0,8
BRDA:51,1,0,6
BRDA:52,2,0,2
BRDA:19,3,0,4
BRDA:20,4,0,0
BRDA:32,5,0,4
BRDA:33,6,0,4
BRDA:45,7,0,1
BRF:8
BRH:7
end_of_record
TN:
SF:src/game/gameSlice.js
FN:36,setCocktail
FN:51,setMode
FN:54,toggleHints
FN:58,toggleIngredient
FN:71,setIngredientAmount
FN:78,addStageMistake
FN:83,addHintUsage
FN:91,resetStages
FN:98,resetGame
FN:101,resetLevel
FNF:10
FNH:0
FNDA:0,setCocktail
FNDA:0,setMode
FNDA:0,toggleHints
FNDA:0,toggleIngredient
FNDA:0,setIngredientAmount
FNDA:0,addStageMistake
FNDA:0,addHintUsage
FNDA:0,resetStages
FNDA:0,resetGame
FNDA:0,resetLevel
DA:1,1
DA:3,1
DA:4,1
DA:5,1
DA:6,1
DA:7,1
DA:9,1
DA:10,1
DA:11,1
DA:13,1
DA:14,1
DA:15,1
DA:16,1
DA:17,1
DA:18,1
DA:19,1
DA:20,1
DA:21,1
DA:22,1
DA:23,1
DA:24,1
DA:25,1
DA:26,1
DA:27,1
DA:28,1
DA:29,1
DA:30,1
DA:32,1
DA:33,1
DA:34,1
DA:35,1
DA:36,1
DA:37,0
DA:39,0
DA:40,0
DA:41,0
DA:42,0
DA:44,0
DA:45,0
DA:46,0
DA:47,0
DA:48,0
DA:49,0
DA:50,1
DA:51,1
DA:52,0
DA:53,1
DA:54,1
DA:55,0
DA:56,1
DA:58,1
DA:59,0
DA:60,0
DA:62,0
DA:63,0
DA:64,0
DA:65,0
DA:66,0
DA:67,0
DA:68,0
DA:69,0
DA:70,1
DA:71,1
DA:72,0
DA:73,0
DA:74,0
DA:75,0
DA:76,1
DA:78,1
DA:79,0
DA:80,0
DA:81,1
DA:83,1
DA:84,0
DA:86,0
DA:87,0
DA:88,0
DA:89,1
DA:91,1
DA:92,0
DA:93,0
DA:94,0
DA:95,0
DA:96,1
DA:98,1
DA:99,0
DA:100,1
DA:101,1
DA:102,0
DA:103,0
DA:104,0
DA:105,0
DA:106,0
DA:107,0
DA:110,1
DA:111,1
DA:112,1
DA:113,1
DA:114,1
DA:115,1
DA:116,1
DA:117,1
DA:118,1
DA:119,1
DA:120,1
DA:121,1
DA:122,1
DA:123,1
DA:124,1
DA:125,1
DA:126,1
DA:127,1
DA:128,1
DA:129,1
DA:130,1
DA:131,1
DA:133,1
DA:134,1
DA:135,1
DA:136,1
DA:137,1
DA:139,1
DA:140,1
DA:141,1
DA:142,1
DA:143,1
DA:144,1
DA:145,1
DA:146,1
DA:147,1
DA:148,1
DA:149,1
DA:150,1
DA:152,1
LF:134
LH:90
BRF:0
BRH:0
end_of_record
TN:
SF:src/game/rootReducer.js
FN:1,(empty-report)
FNF:1
FNH:0
FNDA:0,(empty-report)
DA:1,0
DA:2,0
DA:4,0
DA:5,0
DA:6,0
DA:8,0
LF:6
LH:0
BRDA:1,0,0,0
BRF:1
BRH:0
end_of_record
TN:
SF:src/game/store.js
FN:1,(empty-report)
FNF:1
FNH:0
FNDA:0,(empty-report)
DA:1,0
DA:2,0
DA:3,0
DA:4,0
DA:7,0
DA:8,0
DA:9,0
DA:10,0
DA:11,0
DA:13,0
DA:15,0
DA:16,0
DA:17,0
DA:18,0
DA:19,0
DA:20,0
DA:21,0
DA:23,0
LF:18
LH:0
BRDA:1,0,0,0
BRF:1
BRH:0
end_of_record
TN:
SF:src/glasses/BlueGlass.js
FN:3,drawBlueGlass
FNF:1
FNH:1
FNDA:162,drawBlueGlass
DA:1,1
DA:3,1
DA:4,162
DA:5,161
DA:6,161
DA:7,161
DA:9,161
DA:10,161
DA:11,161
DA:12,161
DA:13,161
DA:15,161
DA:16,161
DA:17,161
DA:18,161
DA:19,161
DA:20,161
DA:21,161
DA:23,161
DA:24,161
DA:25,161
LF:21
LH:21
BRDA:3,0,0,162
BRDA:4,1,0,161
BRDA:4,2,0,1
BRF:3
BRH:3
end_of_record
TN:
SF:src/glasses/PinkGlass.js
FN:3,drawPinkGlass
FNF:1
FNH:1
FNDA:162,drawPinkGlass
DA:1,1
DA:3,1
DA:4,162
DA:5,161
DA:6,161
DA:7,161
DA:9,161
DA:11,161
DA:12,161
DA:13,161
DA:14,161
DA:16,161
DA:17,161
DA:18,161
LF:14
LH:14
BRDA:3,0,0,162
BRDA:4,1,0,161
BRDA:4,2,0,1
BRF:3
BRH:3
end_of_record
TN:
SF:src/glasses/RedGlass.js
FN:3,drawRedGlass
FNF:1
FNH:1
FNDA:162,drawRedGlass
DA:1,1
DA:3,1
DA:4,162
DA:5,161
DA:6,161
DA:7,161
DA:9,161
DA:11,161
DA:12,161
DA:13,161
DA:14,161
DA:16,161
DA:17,161
DA:18,161
LF:14
LH:14
BRDA:3,0,0,162
BRDA:4,1,0,161
BRDA:4,2,0,1
BRF:3
BRH:3
end_of_record
TN:
SF:src/glasses/YellowGlass.js
FN:3,drawYellowGlass
FNF:1
FNH:1
FNDA:162,drawYellowGlass
DA:1,1
DA:3,1
DA:4,162
DA:5,161
DA:6,161
DA:7,161
DA:9,161
DA:11,161
DA:12,161
DA:13,161
DA:14,161
DA:15,161
DA:16,161
DA:18,161
DA:19,161
DA:20,161
LF:16
LH:16
BRDA:3,0,0,162
BRDA:4,1,0,161
BRDA:4,2,0,1
BRF:3
BRH:3
end_of_record
TN:
SF:src/icons/heartIcon.js
FN:1,drawHeartIcon
FNF:1
FNH:1
FNDA:5,drawHeartIcon
DA:1,1
DA:2,5
DA:3,5
DA:4,5
DA:5,5
DA:7,3
DA:8,5
DA:10,5
DA:12,5
DA:13,5
DA:14,5
DA:16,5
DA:17,5
DA:19,5
DA:20,5
DA:22,5
DA:24,5
DA:25,5
DA:26,5
DA:28,5
DA:29,5
DA:30,5
DA:31,5
DA:32,5
DA:34,5
DA:35,5
DA:36,5
DA:37,5
DA:38,5
DA:39,5
DA:41,5
DA:42,5
DA:43,5
DA:44,5
DA:45,5
DA:46,5
DA:48,5
DA:49,5
DA:50,5
DA:51,5
DA:52,5
DA:54,5
DA:55,1
DA:56,1
DA:57,1
DA:58,1
DA:59,5
LF:47
LH:47
BRDA:1,0,0,5
BRDA:5,1,0,2
BRDA:5,2,0,3
BRDA:8,3,0,1
BRDA:8,4,0,2
BRDA:10,5,0,0
BRDA:13,6,0,0
BRDA:14,7,0,0
BRDA:54,8,0,1
BRF:9
BRH:6
end_of_record
TN:
SF:src/icons/starIcon.js
FN:1,drawStarIcon
FN:51,clamp
FN:58,cutSegment
FNF:3
FNH:3
FNDA:5,drawStarIcon
FNDA:6,clamp
FNDA:60,cutSegment
DA:1,1
DA:2,5
DA:3,5
DA:4,5
DA:5,5
DA:6,5
DA:7,5
DA:8,5
DA:9,5
DA:10,5
DA:12,4
DA:13,5
DA:15,5
DA:17,5
DA:18,5
DA:19,5
DA:21,5
DA:22,5
DA:24,5
DA:25,5
DA:27,5
DA:29,5
DA:30,5
DA:31,5
DA:33,5
DA:34,5
DA:35,5
DA:36,5
DA:38,5
DA:39,5
DA:40,30
DA:41,30
DA:42,30
DA:43,30
DA:44,30
DA:45,30
DA:46,30
DA:47,30
DA:48,30
DA:49,30
DA:51,3
DA:52,3
DA:53,3
DA:55,3
DA:56,3
DA:58,3
DA:59,60
DA:60,60
DA:61,60
DA:62,60
DA:63,60
DA:64,60
DA:65,60
DA:66,60
DA:67,60
DA:68,60
DA:69,60
DA:70,60
DA:72,3
DA:73,5
DA:74,30
DA:75,30
DA:76,30
DA:78,30
DA:80,30
DA:81,30
DA:83,30
DA:84,3
DA:85,30
DA:86,27
DA:87,27
DA:89,30
DA:90,30
DA:91,3
DA:93,5
DA:94,2
DA:95,2
DA:96,2
DA:97,5
LF:79
LH:79
BRDA:1,0,0,5
BRDA:10,1,0,1
BRDA:10,2,0,4
BRDA:13,3,0,1
BRDA:13,4,0,3
BRDA:15,5,0,0
BRDA:18,6,0,0
BRDA:19,7,0,0
BRDA:39,8,0,30
BRDA:41,9,0,15
BRDA:41,10,0,15
BRDA:49,11,0,3
BRDA:73,12,0,30
BRDA:78,13,0,15
BRDA:78,14,0,15
BRDA:83,15,0,3
BRDA:85,16,0,27
BRDA:90,17,0,3
BRDA:93,18,0,2
BRDA:51,19,0,6
BRDA:58,20,0,60
BRF:21
BRH:18
end_of_record
TN:
SF:src/icons/userIcon.js
FN:1,drawUserIcon
FNF:1
FNH:1
FNDA:4,drawUserIcon
DA:1,1
DA:2,4
DA:3,4
DA:4,4
DA:5,4
DA:7,3
DA:8,4
DA:10,4
DA:12,4
DA:13,4
DA:14,4
DA:16,4
DA:17,4
DA:19,4
DA:20,4
DA:22,4
DA:24,4
DA:25,4
DA:27,4
DA:28,4
DA:29,4
DA:31,4
DA:32,4
DA:33,4
DA:34,4
DA:36,4
DA:37,1
DA:38,1
DA:39,1
DA:41,2
DA:42,2
DA:43,2
DA:44,2
DA:45,2
DA:46,2
DA:48,2
DA:49,2
DA:50,2
DA:51,2
DA:52,2
DA:53,2
DA:54,2
DA:55,2
DA:56,2
DA:58,4
DA:59,1
DA:60,1
DA:61,1
DA:62,4
LF:49
LH:49
BRDA:1,0,0,4
BRDA:5,1,0,1
BRDA:5,2,0,3
BRDA:8,3,0,1
BRDA:8,4,0,2
BRDA:10,5,0,0
BRDA:13,6,0,0
BRDA:14,7,0,0
BRDA:36,8,0,1
BRDA:39,9,0,2
BRDA:58,10,0,1
BRF:11
BRH:8
end_of_record
TN:
SF:src/ingredients-page/Ingredients.jsx
FN:3,useIngredients
FNF:1
FNH:1
FNDA:9,useIngredients
DA:1,1
DA:3,1
DA:4,9
DA:5,9
DA:7,9
DA:8,4
DA:9,4
DA:10,4
DA:11,4
DA:12,4
DA:13,4
DA:14,4
DA:15,4
DA:16,4
DA:17,9
DA:19,9
DA:20,15
DA:21,9
DA:23,9
DA:24,9
DA:25,9
DA:26,9
DA:27,9
DA:28,9
DA:29,9
DA:30,9
DA:31,9
DA:32,9
DA:34,9
DA:35,72
DA:36,72
DA:37,72
DA:38,9
DA:40,9
DA:41,9
DA:42,9
DA:43,9
DA:44,9
DA:45,9
LF:39
LH:39
BRDA:3,0,0,9
BRDA:7,1,0,4
BRDA:11,2,0,4
BRDA:12,3,0,4
BRDA:19,4,0,15
BRDA:34,5,0,72
BRDA:37,6,0,80
BRF:7
BRH:7
end_of_record
TN:
SF:src/ingredients-page/IngredientsPage.jsx
FN:19,IngredientsPage
FN:49,errorChecker
FN:66,onClick
FN:79,onClick
FN:88,onClose
FN:102,onChange
FN:134,onClick
FN:146,onClose
FNF:8
FNH:4
FNDA:9,IngredientsPage
FNDA:2,errorChecker
FNDA:1,onClick
FNDA:0,onClick
FNDA:0,onClose
FNDA:0,onChange
FNDA:1,onClick
FNDA:0,onClose
DA:1,1
DA:2,1
DA:3,1
DA:4,1
DA:5,1
DA:6,1
DA:7,1
DA:8,1
DA:9,1
DA:10,1
DA:11,1
DA:12,1
DA:13,1
DA:14,1
DA:15,1
DA:16,1
DA:17,1
DA:19,9
DA:20,9
DA:21,9
DA:23,9
DA:24,9
DA:25,9
DA:28,9
DA:29,9
DA:30,9
DA:31,9
DA:33,9
DA:35,9
DA:37,9
DA:38,9
DA:39,9
DA:40,9
DA:41,9
DA:43,9
DA:44,8
DA:45,8
DA:46,8
DA:47,9
DA:49,9
DA:50,2
DA:52,2
DA:53,1
DA:54,1
DA:55,1
DA:56,1
DA:57,1
DA:58,1
DA:59,2
DA:61,9
DA:62,9
DA:63,9
DA:64,9
DA:65,9
DA:66,9
DA:67,1
DA:68,1
DA:69,1
DA:70,9
DA:72,9
DA:73,9
DA:74,9
DA:75,9
DA:76,9
DA:77,9
DA:78,9
DA:79,9
DA:80,0
DA:81,0
DA:82,0
DA:83,9
DA:85,9
DA:86,0
DA:87,0
DA:88,0
DA:89,0
DA:90,0
DA:91,0
DA:93,9
DA:95,9
DA:96,9
DA:97,9
DA:98,9
DA:99,9
DA:100,9
DA:101,9
DA:102,9
DA:103,9
DA:104,9
DA:105,9
DA:106,9
DA:107,9
DA:109,9
DA:110,9
DA:112,9
DA:113,9
DA:114,9
DA:115,9
DA:116,9
DA:117,9
DA:119,9
DA:120,9
DA:122,9
DA:123,9
DA:124,9
DA:125,9
DA:126,9
DA:127,9
DA:128,18
DA:130,18
DA:131,18
DA:132,18
DA:133,18
DA:134,18
DA:136,18
DA:137,18
DA:139,9
DA:140,9
DA:141,9
DA:142,9
DA:143,9
DA:144,9
DA:145,9
DA:146,9
DA:147,9
DA:148,9
DA:149,9
DA:151,9
DA:153,1
LF:129
LH:120
BRDA:19,0,0,9
BRDA:85,1,0,0
BRDA:29,2,0,9
BRDA:30,3,0,9
BRDA:31,4,0,9
BRDA:33,5,0,9
BRDA:33,6,0,0
BRDA:43,7,0,8
BRDA:49,8,0,2
BRDA:52,9,0,1
BRDA:66,10,0,1
BRDA:123,11,0,9
BRDA:127,12,0,18
BRDA:133,13,0,0
BRDA:134,14,0,1
BRF:15
BRH:12
end_of_record
TN:
SF:src/ingredients-page/hint.js
FN:1,(empty-report)
FNF:1
FNH:0
FNDA:0,(empty-report)
DA:1,0
DA:3,0
DA:4,0
DA:6,0
DA:7,0
DA:9,0
DA:10,0
DA:11,0
DA:12,0
DA:14,0
DA:15,0
DA:16,0
DA:17,0
DA:18,0
DA:20,0
DA:21,0
DA:22,0
DA:23,0
DA:24,0
DA:25,0
DA:26,0
DA:28,0
DA:29,0
DA:30,0
DA:31,0
DA:32,0
DA:34,0
DA:35,0
DA:36,0
DA:37,0
DA:38,0
DA:39,0
DA:40,0
DA:42,0
DA:43,0
DA:44,0
DA:45,0
DA:46,0
DA:48,0
LF:39
LH:0
BRDA:1,0,0,0
BRF:1
BRH:0
end_of_record
TN:
SF:src/ingredients-page/ingredients_error.js
FN:1,(empty-report)
FNF:1
FNH:0
FNDA:0,(empty-report)
DA:1,0
DA:2,0
DA:4,0
DA:5,0
DA:7,0
DA:8,0
DA:9,0
DA:11,0
DA:13,0
DA:14,0
DA:15,0
DA:16,0
LF:12
LH:0
BRDA:1,0,0,0
BRF:1
BRH:0
end_of_record
TN:
SF:src/level-page/LevelPage.jsx
FN:10,LevelPage
FN:25,selectLevel
FN:39,onClick
FN:57,onClick
FN:69,onClick
FN:81,onClick
FNF:6
FNH:6
FNDA:8,LevelPage
FNDA:3,selectLevel
FNDA:1,onClick
FNDA:1,onClick
FNDA:1,onClick
FNDA:1,onClick
DA:1,1
DA:2,1
DA:3,1
DA:4,1
DA:5,1
DA:6,1
DA:7,1
DA:8,1
DA:10,8
DA:11,8
DA:13,8
DA:14,8
DA:15,8
DA:17,8
DA:18,8
DA:19,8
DA:20,8
DA:21,8
DA:23,8
DA:25,8
DA:26,3
DA:27,3
DA:28,3
DA:30,8
DA:31,8
DA:34,8
DA:35,8
DA:36,8
DA:37,8
DA:38,8
DA:39,8
DA:40,1
DA:41,1
DA:42,1
DA:43,8
DA:45,8
DA:46,8
DA:47,8
DA:48,8
DA:49,8
DA:50,8
DA:51,8
DA:52,8
DA:53,8
DA:54,8
DA:55,8
DA:56,8
DA:57,8
DA:58,8
DA:60,8
DA:61,8
DA:62,8
DA:63,8
DA:64,8
DA:65,8
DA:66,8
DA:67,8
DA:68,8
DA:69,8
DA:70,8
DA:72,8
DA:73,8
DA:74,8
DA:75,8
DA:76,8
DA:77,8
DA:78,8
DA:79,8
DA:80,8
DA:81,8
DA:82,8
DA:84,8
DA:85,8
DA:86,8
DA:87,8
DA:88,8
DA:90,8
LF:77
LH:77
BRDA:10,0,0,8
BRDA:17,1,0,8
BRDA:25,2,0,3
BRDA:30,3,0,8
BRDA:39,4,0,1
BRDA:57,5,0,1
BRDA:69,6,0,1
BRDA:81,7,0,1
BRF:8
BRH:8
end_of_record
TN:
SF:src/level-page/Olive.js
FN:1,(empty-report)
FNF:1
FNH:0
FNDA:0,(empty-report)
DA:1,0
DA:3,0
DA:4,0
DA:5,0
DA:6,0
DA:7,0
DA:9,0
DA:10,0
DA:11,0
DA:12,0
DA:14,0
DA:16,0
DA:17,0
DA:18,0
DA:19,0
DA:20,0
DA:21,0
DA:22,0
DA:24,0
DA:25,0
DA:26,0
DA:27,0
DA:28,0
DA:29,0
DA:30,0
DA:32,0
DA:33,0
DA:35,0
DA:36,0
DA:38,0
DA:39,0
DA:40,0
DA:41,0
DA:43,0
DA:44,0
DA:46,0
DA:47,0
DA:49,0
DA:50,0
DA:52,0
DA:53,0
DA:54,0
DA:55,0
DA:56,0
DA:58,0
DA:59,0
DA:61,0
DA:63,0
DA:65,0
DA:66,0
DA:67,0
DA:68,0
LF:52
LH:0
BRDA:1,0,0,0
BRF:1
BRH:0
end_of_record
TN:
SF:src/level-page/Styles.js
FN:1,(empty-report)
FNF:1
FNH:0
FNDA:0,(empty-report)
DA:1,0
DA:2,0
DA:3,0
DA:5,0
DA:6,0
DA:7,0
DA:8,0
DA:10,0
DA:11,0
LF:9
LH:0
BRDA:1,0,0,0
BRF:1
BRH:0
end_of_record
TN:
SF:src/menu-page/CardsGrid.jsx
FN:9,CardsGrid
FN:19,openModal
FN:23,closeModal
FN:48,addFavouriteCocktail
FN:62,removeFavouriteCocktail
FN:78,onClick
FN:84,ref
FN:92,ref
FN:94,onClick
FNF:9
FNH:8
FNDA:7,CardsGrid
FNDA:1,openModal
FNDA:0,closeModal
FNDA:1,addFavouriteCocktail
FNDA:1,removeFavouriteCocktail
FNDA:1,onClick
FNDA:42,ref
FNDA:42,ref
FNDA:2,onClick
DA:1,1
DA:2,1
DA:3,1
DA:4,1
DA:5,1
DA:6,1
DA:7,1
DA:9,7
DA:11,7
DA:12,7
DA:13,7
DA:14,7
DA:15,7
DA:17,7
DA:19,7
DA:20,1
DA:21,1
DA:22,1
DA:23,7
DA:25,7
DA:26,6
DA:27,18
DA:28,18
DA:30,18
DA:31,18
DA:32,18
DA:33,6
DA:34,7
DA:36,7
DA:37,6
DA:38,6
DA:39,18
DA:40,18
DA:41,18
DA:42,18
DA:43,18
DA:44,6
DA:45,7
DA:48,7
DA:49,1
DA:50,1
DA:51,1
DA:52,1
DA:53,1
DA:54,1
DA:55,1
DA:56,1
DA:57,1
DA:58,1
DA:59,1
DA:60,1
DA:62,7
DA:63,1
DA:64,1
DA:65,1
DA:66,1
DA:67,1
DA:68,1
DA:69,1
DA:70,1
DA:72,7
DA:73,7
DA:74,7
DA:75,21
DA:76,21
DA:77,21
DA:78,21
DA:80,21
DA:81,21
DA:82,21
DA:83,21
DA:84,21
DA:85,21
DA:86,21
DA:87,21
DA:88,21
DA:89,21
DA:90,21
DA:91,21
DA:92,21
DA:94,21
DA:95,2
DA:96,2
DA:97,1
DA:98,1
DA:99,1
DA:100,1
DA:101,2
DA:102,21
DA:103,21
DA:104,21
DA:105,21
DA:106,21
DA:107,21
DA:108,21
DA:109,7
DA:111,7
DA:112,1
DA:115,7
DA:117,7
DA:118,1
LF:101
LH:101
BRDA:9,0,0,7
BRDA:111,1,0,1
BRDA:19,2,0,1
BRDA:25,3,0,6
BRDA:26,4,0,18
BRDA:36,5,0,6
BRDA:37,6,0,0
BRDA:38,7,0,18
BRDA:48,8,0,1
BRDA:49,9,0,0
BRDA:53,10,0,1
BRDA:54,11,0,1
BRDA:56,12,0,1
BRDA:62,13,0,1
BRDA:63,14,0,0
BRDA:67,15,0,1
BRDA:68,16,0,1
BRDA:68,17,0,1
BRDA:74,18,0,21
BRDA:78,19,0,1
BRDA:84,20,0,42
BRDA:92,21,0,42
BRDA:94,22,0,2
BRDA:96,23,0,1
BRF:24
BRH:21
end_of_record
TN:
SF:src/menu-page/MenuPage.jsx
FN:8,MenuPage
FN:36,onAccountClick
FNF:2
FNH:2
FNDA:9,MenuPage
FNDA:1,onAccountClick
DA:1,1
DA:2,1
DA:3,1
DA:4,1
DA:5,1
DA:6,1
DA:8,9
DA:9,9
DA:11,9
DA:13,9
DA:14,9
DA:16,9
DA:17,6
DA:19,6
DA:20,6
DA:21,6
DA:22,3
DA:23,3
DA:24,6
DA:25,6
DA:26,9
DA:28,9
DA:29,9
DA:30,9
DA:31,9
DA:32,9
DA:33,9
DA:34,9
DA:35,9
DA:36,9
DA:37,9
DA:39,9
DA:40,1
LF:33
LH:33
BRDA:8,0,0,9
BRDA:16,1,0,6
BRDA:17,2,0,0
BRDA:20,3,0,3
BRDA:21,4,0,3
BRDA:25,5,0,3
BRDA:36,6,0,1
BRF:7
BRH:6
end_of_record
TN:
SF:src/menu-page/RecipeCard.jsx
FN:8,RecipeCard
FN:33,formatIngredientLine
FN:102,onClick
FNF:3
FNH:3
FNDA:9,RecipeCard
FNDA:16,formatIngredientLine
FNDA:1,onClick
DA:1,1
DA:2,1
DA:3,1
DA:4,1
DA:5,1
DA:6,1
DA:8,9
DA:9,9
DA:10,9
DA:12,9
DA:14,9
DA:15,5
DA:16,5
DA:19,5
DA:20,5
DA:21,5
DA:22,5
DA:23,5
DA:24,5
DA:25,5
DA:26,5
DA:27,5
DA:28,0
DA:29,5
DA:30,5
DA:31,9
DA:33,9
DA:34,16
DA:35,16
DA:36,16
DA:38,16
DA:40,16
DA:41,16
DA:42,0
DA:43,0
DA:45,16
DA:46,16
DA:48,16
DA:49,16
DA:51,9
DA:52,9
DA:54,9
DA:55,9
DA:56,9
DA:57,9
DA:58,9
DA:59,9
DA:60,9
DA:61,9
DA:62,9
DA:63,9
DA:64,9
DA:65,9
DA:66,9
DA:68,9
DA:69,9
DA:70,9
DA:71,4
DA:72,4
DA:73,4
DA:74,4
DA:77,4
DA:78,4
DA:79,4
DA:80,4
DA:81,16
DA:82,16
DA:83,16
DA:84,4
DA:85,4
DA:87,4
DA:88,4
DA:89,4
DA:90,16
DA:91,16
DA:92,16
DA:93,16
DA:94,16
DA:95,4
DA:96,4
DA:97,4
DA:99,4
DA:100,4
DA:101,4
DA:102,4
DA:103,1
DA:104,1
DA:105,1
DA:107,4
DA:109,4
DA:110,4
DA:111,4
DA:113,4
DA:115,9
DA:116,9
DA:117,9
DA:119,9
DA:121,1
LF:98
LH:95
BRDA:8,0,0,9
BRDA:70,1,0,4
BRDA:14,2,0,5
BRDA:20,3,0,5
BRDA:21,4,0,0
BRDA:24,5,0,5
BRDA:33,6,0,16
BRDA:36,7,0,8
BRDA:38,8,0,8
BRDA:38,9,0,8
BRDA:41,10,0,0
BRDA:46,11,0,0
BRDA:51,12,0,9
BRDA:80,13,0,16
BRDA:89,14,0,16
BRDA:102,15,0,1
BRF:16
BRH:13
end_of_record
TN:
SF:src/menu-page/menu-cocktails/drawCocktailMap.js
FN:1,(empty-report)
FNF:1
FNH:0
FNDA:0,(empty-report)
DA:1,0
DA:2,0
DA:3,0
DA:4,0
DA:5,0
DA:7,0
DA:8,0
DA:9,0
DA:10,0
DA:12,0
DA:13,0
DA:14,0
LF:12
LH:0
BRDA:1,0,0,0
BRF:1
BRH:0
end_of_record
TN:
SF:src/menu-page/menu-cocktails/drawRotateRect.js
FN:1,(empty-report)
FNF:1
FNH:0
FNDA:0,(empty-report)
DA:1,0
DA:2,0
DA:3,0
DA:4,0
DA:5,0
DA:6,0
DA:7,0
DA:8,0
DA:9,0
DA:10,0
DA:12,0
DA:14,0
DA:15,0
DA:17,0
DA:18,0
DA:20,0
DA:21,0
LF:17
LH:0
BRDA:1,0,0,0
BRF:1
BRH:0
end_of_record
TN:
SF:src/menu-page/menu-cocktails/drawRotateTriangle.js
FN:1,(empty-report)
FNF:1
FNH:0
FNDA:0,(empty-report)
DA:1,0
DA:2,0
DA:3,0
DA:4,0
DA:5,0
DA:6,0
DA:7,0
DA:8,0
DA:9,0
DA:10,0
DA:12,0
DA:14,0
DA:15,0
DA:17,0
DA:18,0
DA:19,0
DA:20,0
DA:21,0
DA:23,0
DA:24,0
DA:26,0
DA:27,0
LF:22
LH:0
BRDA:1,0,0,0
BRF:1
BRH:0
end_of_record
TN:
SF:src/menu-page/menu-cocktails/scaler.js
FN:1,(empty-report)
FNF:1
FNH:0
FNDA:0,(empty-report)
DA:1,0
DA:2,0
DA:4,0
DA:5,0
DA:6,0
DA:7,0
DA:9,0
DA:10,0
DA:12,0
DA:13,0
DA:15,0
DA:16,0
DA:18,0
DA:19,0
LF:14
LH:0
BRDA:1,0,0,0
BRF:1
BRH:0
end_of_record
TN:
SF:src/menu-page/menu-cocktails/BAR123/mojito.js
FN:1,(empty-report)
FNF:1
FNH:0
FNDA:0,(empty-report)
DA:1,0
DA:2,0
DA:3,0
DA:5,0
DA:6,0
DA:8,0
DA:10,0
DA:11,0
DA:12,0
DA:13,0
DA:14,0
DA:16,0
DA:17,0
DA:18,0
DA:19,0
DA:20,0
DA:22,0
DA:23,0
DA:24,0
DA:25,0
DA:26,0
DA:28,0
DA:29,0
DA:30,0
DA:32,0
DA:33,0
DA:34,0
DA:35,0
DA:36,0
DA:37,0
DA:39,0
DA:40,0
DA:41,0
DA:42,0
DA:43,0
DA:45,0
DA:46,0
DA:47,0
DA:48,0
DA:49,0
LF:40
LH:0
BRDA:1,0,0,0
BRF:1
BRH:0
end_of_record
TN:
SF:src/menu-page/menu-cocktails/BAR123/negroni.js
FN:1,(empty-report)
FNF:1
FNH:0
FNDA:0,(empty-report)
DA:1,0
DA:2,0
DA:4,0
DA:5,0
DA:7,0
DA:9,0
DA:10,0
DA:11,0
DA:12,0
DA:13,0
DA:15,0
DA:16,0
DA:17,0
DA:18,0
DA:19,0
DA:20,0
DA:21,0
DA:22,0
DA:24,0
DA:25,0
DA:26,0
DA:27,0
DA:28,0
DA:30,0
DA:31,0
DA:32,0
DA:33,0
DA:34,0
DA:35,0
DA:36,0
DA:37,0
DA:38,0
DA:39,0
DA:41,0
DA:42,0
DA:43,0
DA:44,0
DA:45,0
DA:46,0
DA:47,0
DA:49,0
DA:50,0
DA:51,0
DA:52,0
LF:44
LH:0
BRDA:1,0,0,0
BRF:1
BRH:0
end_of_record
TN:
SF:src/menu-page/menu-cocktails/BAR123/smash-basil.js
FN:1,(empty-report)
FNF:1
FNH:0
FNDA:0,(empty-report)
DA:1,0
DA:2,0
DA:4,0
DA:5,0
DA:7,0
DA:9,0
DA:10,0
DA:11,0
DA:12,0
DA:13,0
DA:15,0
DA:16,0
DA:17,0
DA:18,0
DA:19,0
DA:21,0
DA:22,0
DA:23,0
DA:24,0
DA:25,0
DA:27,0
DA:28,0
DA:29,0
DA:30,0
DA:31,0
DA:32,0
DA:33,0
DA:34,0
DA:36,0
DA:37,0
DA:38,0
DA:39,0
DA:40,0
DA:41,0
LF:34
LH:0
BRDA:1,0,0,0
BRF:1
BRH:0
end_of_record
TN:
SF:src/menu-page/menu-cocktails/BAR777/clover-club.js
FN:1,(empty-report)
FNF:1
FNH:0
FNDA:0,(empty-report)
DA:1,0
DA:2,0
DA:4,0
DA:5,0
DA:7,0
DA:9,0
DA:10,0
DA:11,0
DA:12,0
DA:13,0
DA:14,0
DA:15,0
DA:17,0
DA:18,0
DA:19,0
DA:20,0
DA:21,0
DA:22,0
DA:23,0
DA:24,0
DA:25,0
DA:27,0
DA:28,0
DA:29,0
DA:30,0
DA:31,0
DA:33,0
DA:35,0
DA:36,0
DA:37,0
DA:38,0
DA:40,0
DA:41,0
DA:42,0
DA:43,0
DA:44,0
DA:45,0
LF:37
LH:0
BRDA:1,0,0,0
BRF:1
BRH:0
end_of_record
TN:
SF:src/menu-page/menu-cocktails/BAR777/hot-toddy.js
FN:1,(empty-report)
FNF:1
FNH:0
FNDA:0,(empty-report)
DA:1,0
DA:3,0
DA:4,0
DA:6,0
DA:8,0
DA:9,0
DA:10,0
DA:11,0
DA:12,0
DA:14,0
DA:15,0
DA:16,0
DA:17,0
DA:18,0
DA:19,0
DA:20,0
DA:22,0
DA:23,0
DA:24,0
DA:25,0
DA:26,0
DA:27,0
DA:28,0
DA:29,0
DA:31,0
DA:32,0
DA:33,0
DA:34,0
DA:35,0
DA:36,0
DA:37,0
DA:38,0
DA:39,0
DA:41,0
DA:42,0
DA:43,0
DA:44,0
DA:45,0
DA:46,0
DA:47,0
DA:49,0
DA:50,0
DA:51,0
DA:52,0
DA:53,0
DA:54,0
DA:55,0
DA:56,0
DA:57,0
DA:58,0
DA:60,0
DA:61,0
DA:62,0
DA:63,0
DA:64,0
DA:65,0
DA:66,0
DA:67,0
DA:68,0
DA:69,0
LF:60
LH:0
BRDA:1,0,0,0
BRF:1
BRH:0
end_of_record
TN:
SF:src/password-page/PasswordPage.jsx
FN:19,useHashParams
FN:27,useQuery
FN:32,PasswordPage
FN:74,showSnack
FN:78,closeSnack
FN:129,onSubmit
FN:211,requestResetEmailAgain
FN:241,requestInviteEmailAgain
FN:288,onChange
FN:298,onClick
FN:328,onChange
FN:336,onClick
FN:347,onClick
FN:378,onChange
FN:388,onClick
FNF:15
FNH:13
FNDA:59,useHashParams
FNDA:59,useQuery
FNDA:59,PasswordPage
FNDA:5,showSnack
FNDA:2,closeSnack
FNDA:3,onSubmit
FNDA:1,requestResetEmailAgain
FNDA:1,requestInviteEmailAgain
FNDA:4,onChange
FNDA:1,onClick
FNDA:5,onChange
FNDA:0,onClick
FNDA:1,onClick
FNDA:5,onChange
FNDA:0,onClick
DA:1,1
DA:2,1
DA:3,1
DA:4,1
DA:5,1
DA:15,1
DA:16,1
DA:17,1
DA:19,59
DA:20,59
DA:21,59
DA:22,10
DA:23,10
DA:24,59
DA:25,59
DA:27,59
DA:28,59
DA:29,59
DA:30,59
DA:32,59
DA:33,59
DA:35,59
DA:36,59
DA:38,59
DA:40,59
DA:42,59
DA:44,59
DA:45,59
DA:46,59
DA:48,59
DA:49,59
DA:50,59
DA:51,59
DA:53,59
DA:55,59
DA:57,59
DA:58,59
DA:60,59
DA:61,59
DA:63,59
DA:64,59
DA:65,59
DA:67,59
DA:68,59
DA:69,59
DA:70,59
DA:71,59
DA:72,59
DA:74,59
DA:75,5
DA:76,5
DA:78,59
DA:79,2
DA:80,2
DA:81,2
DA:83,59
DA:85,59
DA:87,59
DA:88,59
DA:89,46
DA:90,34
DA:91,30
DA:92,30
DA:93,27
DA:95,59
DA:96,10
DA:98,10
DA:99,3
DA:100,3
DA:101,3
DA:103,1
DA:104,1
DA:105,1
DA:106,1
DA:107,1
DA:108,1
DA:109,1
DA:110,1
DA:112,1
DA:113,1
DA:115,1
DA:117,1
DA:118,1
DA:119,1
DA:120,1
DA:121,1
DA:122,1
DA:123,0
DA:124,0
DA:125,0
DA:126,1
DA:127,59
DA:129,59
DA:130,3
DA:131,3
DA:133,3
DA:134,0
DA:135,0
DA:136,0
DA:137,0
DA:139,3
DA:140,3
DA:142,3
DA:143,3
DA:144,3
DA:145,3
DA:146,3
DA:147,3
DA:148,3
DA:149,3
DA:151,3
DA:152,3
DA:153,1
DA:154,1
DA:156,2
DA:157,2
DA:159,3
DA:160,1
DA:161,1
DA:162,1
DA:163,1
DA:165,3
DA:166,1
DA:167,1
DA:168,1
DA:169,1
DA:170,1
DA:171,1
DA:173,1
DA:174,1
DA:175,1
DA:176,3
DA:177,1
DA:178,1
DA:179,3
DA:180,3
DA:181,3
DA:182,3
DA:184,59
DA:185,32
DA:186,32
DA:188,32
DA:189,2
DA:190,2
DA:191,2
DA:192,2
DA:194,20
DA:195,20
DA:196,59
DA:198,59
DA:199,13
DA:200,8
DA:202,13
DA:203,0
DA:204,0
DA:205,0
DA:207,2
DA:208,2
DA:209,59
DA:211,59
DA:212,1
DA:213,1
DA:215,1
DA:217,1
DA:218,1
DA:219,1
DA:220,1
DA:221,1
DA:223,1
DA:224,0
DA:225,0
DA:226,0
DA:227,0
DA:228,0
DA:229,0
DA:230,0
DA:231,0
DA:232,0
DA:233,1
DA:234,1
DA:235,0
DA:236,1
DA:237,1
DA:238,1
DA:239,1
DA:241,59
DA:242,1
DA:243,1
DA:244,1
DA:245,0
DA:246,0
DA:247,0
DA:249,1
DA:250,1
DA:251,1
DA:252,1
DA:253,1
DA:254,1
DA:256,1
DA:257,0
DA:258,0
DA:259,0
DA:260,0
DA:261,0
DA:262,0
DA:263,0
DA:264,0
DA:265,0
DA:267,1
DA:268,1
DA:269,0
DA:270,1
DA:271,1
DA:272,1
DA:273,1
DA:275,59
DA:276,59
DA:277,59
DA:278,59
DA:279,59
DA:281,59
DA:282,59
DA:283,35
DA:284,35
DA:285,35
DA:286,35
DA:287,35
DA:288,35
DA:289,35
DA:290,35
DA:291,35
DA:292,35
DA:293,35
DA:294,35
DA:296,35
DA:297,35
DA:298,35
DA:299,1
DA:300,1
DA:301,1
DA:302,1
DA:303,35
DA:304,35
DA:305,35
DA:306,5
DA:307,30
DA:308,35
DA:309,35
DA:310,35
DA:311,35
DA:313,35
DA:314,3
DA:315,32
DA:316,0
DA:317,32
DA:318,35
DA:319,35
DA:320,24
DA:321,59
DA:322,59
DA:323,59
DA:324,59
DA:325,59
DA:326,59
DA:327,59
DA:328,59
DA:329,59
DA:330,59
DA:331,59
DA:332,59
DA:333,59
DA:334,59
DA:335,59
DA:336,59
DA:337,59
DA:338,59
DA:339,59
DA:341,59
DA:342,59
DA:343,59
DA:344,24
DA:345,24
DA:346,24
DA:347,24
DA:348,1
DA:349,1
DA:350,1
DA:351,1
DA:352,24
DA:353,24
DA:354,24
DA:355,3
DA:356,21
DA:357,24
DA:358,24
DA:359,24
DA:360,24
DA:362,24
DA:363,2
DA:364,22
DA:365,0
DA:366,22
DA:367,24
DA:368,24
DA:369,35
DA:370,59
DA:371,59
DA:372,59
DA:373,59
DA:374,59
DA:375,59
DA:376,59
DA:377,59
DA:378,59
DA:379,59
DA:380,59
DA:381,59
DA:382,59
DA:383,59
DA:385,59
DA:386,59
DA:387,59
DA:388,59
DA:389,59
DA:390,59
DA:391,59
DA:393,59
DA:394,59
DA:396,59
DA:397,11
DA:398,11
DA:399,11
DA:400,11
DA:401,11
DA:402,48
DA:404,59
DA:405,11
DA:406,11
DA:407,11
DA:408,11
DA:410,11
DA:411,11
DA:412,48
DA:413,59
DA:414,59
DA:415,59
DA:416,59
DA:417,59
DA:418,59
DA:419,59
DA:421,59
DA:422,59
DA:423,59
DA:425,59
DA:426,59
DA:427,59
DA:428,59
DA:429,59
DA:431,59
DA:432,59
DA:433,59
DA:434,59
DA:435,59
DA:436,59
DA:437,59
DA:438,59
DA:439,59
DA:440,59
DA:441,59
DA:442,59
DA:443,59
DA:444,59
DA:445,59
DA:446,59
DA:447,59
DA:449,59
DA:450,59
DA:451,59
DA:452,59
DA:454,59
LF:380
LH:345
BRDA:19,0,0,59
BRDA:21,1,0,10
BRDA:22,2,0,9
BRDA:27,3,0,59
BRDA:29,4,0,10
BRDA:32,5,0,59
BRDA:38,6,0,57
BRDA:46,7,0,35
BRDA:46,8,0,24
BRDA:85,9,0,56
BRDA:85,10,0,23
BRDA:85,11,0,33
BRDA:88,12,0,24
BRDA:88,13,0,35
BRDA:88,14,0,46
BRDA:89,15,0,34
BRDA:90,16,0,30
BRDA:91,17,0,30
BRDA:92,18,0,27
BRDA:282,19,0,35
BRDA:292,20,0,26
BRDA:293,21,0,9
BRDA:293,22,0,26
BRDA:305,23,0,33
BRDA:305,24,0,32
BRDA:305,25,0,5
BRDA:306,26,0,30
BRDA:309,27,0,33
BRDA:309,28,0,32
BRDA:309,29,0,5
BRDA:309,30,0,30
BRDA:313,31,0,3
BRDA:314,32,0,32
BRDA:315,33,0,0
BRDA:319,34,0,24
BRDA:325,35,0,0
BRDA:331,36,0,36
BRDA:332,37,0,25
BRDA:332,38,0,34
BRDA:337,39,0,0
BRDA:343,40,0,24
BRDA:354,41,0,23
BRDA:354,42,0,22
BRDA:354,43,0,3
BRDA:355,44,0,21
BRDA:358,45,0,23
BRDA:358,46,0,22
BRDA:358,47,0,3
BRDA:358,48,0,21
BRDA:362,49,0,2
BRDA:363,50,0,22
BRDA:364,51,0,0
BRDA:368,52,0,35
BRDA:375,53,0,0
BRDA:381,54,0,32
BRDA:383,55,0,32
BRDA:383,56,0,1
BRDA:383,57,0,58
BRDA:389,58,0,0
BRDA:396,59,0,35
BRDA:396,60,0,11
BRDA:396,61,0,11
BRDA:396,62,0,11
BRDA:401,63,0,48
BRDA:404,64,0,24
BRDA:404,65,0,11
BRDA:404,66,0,11
BRDA:411,67,0,48
BRDA:421,68,0,3
BRDA:421,69,0,56
BRDA:438,70,0,58
BRDA:438,71,0,1
BRDA:74,72,0,5
BRDA:78,73,0,2
BRDA:79,74,0,0
BRDA:80,75,0,2
BRDA:95,76,0,10
BRDA:96,77,0,6
BRDA:96,78,0,4
BRDA:98,79,0,3
BRDA:101,80,0,1
BRDA:103,81,0,1
BRDA:113,82,0,0
BRDA:120,83,0,0
BRDA:122,84,0,0
BRDA:129,85,0,3
BRDA:133,86,0,2
BRDA:133,87,0,0
BRDA:139,88,0,1
BRDA:139,89,0,2
BRDA:140,90,0,1
BRDA:140,91,0,2
BRDA:152,92,0,1
BRDA:153,93,0,0
BRDA:153,94,0,0
BRDA:154,95,0,2
BRDA:159,96,0,1
BRDA:163,97,0,2
BRDA:165,98,0,1
BRDA:176,99,0,1
BRDA:177,100,0,0
BRDA:184,101,0,32
BRDA:185,102,0,15
BRDA:185,103,0,0
BRDA:186,104,0,10
BRDA:186,105,0,22
BRDA:188,106,0,2
BRDA:189,107,0,1
BRDA:190,108,0,1
BRDA:192,109,0,20
BRDA:194,110,0,20
BRDA:194,111,0,20
BRDA:195,112,0,20
BRDA:198,113,0,13
BRDA:199,114,0,5
BRDA:199,115,0,8
BRDA:200,116,0,6
BRDA:200,117,0,2
BRDA:202,118,0,0
BRDA:205,119,0,2
BRDA:207,120,0,1
BRDA:207,121,0,1
BRDA:208,122,0,2
BRDA:211,123,0,1
BRDA:212,124,0,0
BRDA:213,125,0,0
BRDA:223,126,0,0
BRDA:234,127,0,0
BRDA:241,128,0,1
BRDA:242,129,0,0
BRDA:243,130,0,0
BRDA:244,131,0,0
BRDA:256,132,0,0
BRDA:268,133,0,0
BRDA:288,134,0,4
BRDA:298,135,0,1
BRDA:299,136,0,0
BRDA:328,137,0,5
BRDA:347,138,0,1
BRDA:348,139,0,0
BRDA:378,140,0,5
BRF:141
BRH:114
end_of_record
TN:
SF:src/personal-acount-page/PersonalAccountPage.jsx
FN:13,PersonalAccountPage
FN:58,requestPasswordReset
FN:89,onClick
FNF:3
FNH:2
FNDA:12,PersonalAccountPage
FNDA:1,requestPasswordReset
FNDA:0,onClick
DA:1,1
DA:2,1
DA:3,1
DA:4,1
DA:5,1
DA:6,1
DA:7,1
DA:8,1
DA:9,1
DA:10,1
DA:11,1
DA:13,12
DA:14,12
DA:15,12
DA:16,12
DA:18,12
DA:19,12
DA:21,12
DA:22,12
DA:23,12
DA:25,12
DA:26,12
DA:28,12
DA:29,5
DA:30,5
DA:31,5
DA:32,12
DA:34,12
DA:35,5
DA:37,5
DA:38,5
DA:39,5
DA:40,5
DA:41,5
DA:42,5
DA:44,4
DA:45,4
DA:46,5
DA:47,5
DA:48,5
DA:49,0
DA:50,0
DA:51,5
DA:53,5
DA:54,5
DA:55,5
DA:56,12
DA:58,12
DA:59,1
DA:61,1
DA:62,1
DA:63,1
DA:64,1
DA:65,1
DA:66,1
DA:67,1
DA:69,1
DA:70,0
DA:71,0
DA:72,0
DA:73,0
DA:74,0
DA:75,0
DA:76,0
DA:77,1
DA:78,0
DA:79,1
DA:80,1
DA:81,1
DA:82,1
DA:84,12
DA:85,12
DA:86,12
DA:87,12
DA:88,12
DA:89,12
DA:90,12
DA:91,12
DA:93,12
DA:94,12
DA:95,12
DA:96,12
DA:97,12
DA:98,12
DA:100,12
DA:101,12
DA:102,12
DA:103,12
DA:104,12
DA:106,12
DA:108,12
DA:110,12
DA:111,12
DA:112,12
DA:113,12
DA:114,12
DA:115,12
DA:117,12
DA:119,12
DA:121,12
DA:122,2
DA:123,2
DA:124,2
DA:126,12
DA:128,12
DA:130,1
LF:106
LH:96
BRDA:13,0,0,12
BRDA:121,1,0,2
BRDA:28,2,0,5
BRDA:34,3,0,5
BRDA:37,4,0,5
BRDA:42,5,0,1
BRDA:42,6,0,4
BRDA:45,7,0,0
BRDA:45,8,0,4
BRDA:46,9,0,0
BRDA:47,10,0,4
BRDA:47,11,0,4
BRDA:47,12,0,0
BRDA:48,13,0,0
BRDA:53,14,0,5
BRDA:58,15,0,1
BRDA:59,16,0,0
BRDA:69,17,0,0
BRDA:77,18,0,0
BRF:19
BRH:12
end_of_record
TN:
SF:src/proportions-page/ProportionsPage.jsx
FN:1,(empty-report)
FNF:1
FNH:0
FNDA:0,(empty-report)
DA:1,0
DA:2,0
DA:3,0
DA:4,0
DA:5,0
DA:7,0
DA:8,0
LF:7
LH:0
BRDA:1,0,0,0
BRF:1
BRH:0
end_of_record
TN:
SF:src/sign-in-page/BarmanAuthForm.jsx
FN:11,BarmanAuthForm
FN:28,handleSubmit
FN:105,onChange
FN:117,onChange
FN:123,onClick
FN:139,onChange
FN:145,onClick
FNF:7
FNH:7
FNDA:54,BarmanAuthForm
FNDA:4,handleSubmit
FNDA:12,onChange
FNDA:19,onChange
FNDA:2,onClick
FNDA:9,onChange
FNDA:2,onClick
DA:1,1
DA:2,1
DA:3,1
DA:4,1
DA:5,1
DA:6,1
DA:7,1
DA:8,1
DA:9,1
DA:11,54
DA:12,54
DA:14,54
DA:15,54
DA:16,54
DA:18,54
DA:19,54
DA:20,54
DA:21,54
DA:23,54
DA:24,54
DA:26,54
DA:28,54
DA:29,4
DA:31,4
DA:32,4
DA:33,4
DA:35,4
DA:36,4
DA:37,1
DA:38,1
DA:39,1
DA:40,4
DA:41,1
DA:42,1
DA:43,1
DA:44,4
DA:45,1
DA:46,1
DA:47,1
DA:48,4
DA:50,3
DA:51,4
DA:52,1
DA:53,1
DA:54,1
DA:56,2
DA:57,2
DA:58,2
DA:59,2
DA:60,2
DA:61,2
DA:62,2
DA:63,2
DA:64,2
DA:65,2
DA:66,2
DA:67,2
DA:69,2
DA:70,2
DA:73,4
DA:74,1
DA:75,1
DA:76,1
DA:78,1
DA:79,1
DA:80,1
DA:81,1
DA:82,1
DA:83,1
DA:85,1
DA:86,1
DA:88,4
DA:89,0
DA:90,0
DA:91,4
DA:93,54
DA:94,54
DA:95,54
DA:96,54
DA:97,54
DA:99,54
DA:100,54
DA:101,54
DA:102,54
DA:103,54
DA:104,54
DA:105,54
DA:106,54
DA:107,54
DA:108,54
DA:110,54
DA:111,54
DA:112,54
DA:113,54
DA:114,54
DA:115,54
DA:116,54
DA:117,54
DA:118,54
DA:119,54
DA:120,54
DA:121,54
DA:122,54
DA:123,54
DA:124,54
DA:125,54
DA:126,54
DA:128,54
DA:130,54
DA:132,54
DA:133,54
DA:134,54
DA:135,54
DA:136,54
DA:137,54
DA:138,54
DA:139,54
DA:140,54
DA:141,54
DA:142,54
DA:143,54
DA:144,54
DA:145,54
DA:146,54
DA:147,54
DA:148,54
DA:150,54
DA:151,54
DA:152,54
DA:153,2
DA:154,2
DA:155,2
DA:158,54
DA:160,54
DA:161,54
DA:163,54
LF:136
LH:134
BRDA:11,0,0,54
BRDA:115,1,0,53
BRDA:115,2,0,1
BRDA:124,3,0,53
BRDA:124,4,0,1
BRDA:137,5,0,53
BRDA:137,6,0,1
BRDA:146,7,0,53
BRDA:146,8,0,1
BRDA:152,9,0,2
BRDA:152,10,0,2
BRDA:152,11,0,2
BRDA:152,12,0,2
BRDA:28,13,0,4
BRDA:36,14,0,1
BRDA:40,15,0,1
BRDA:44,16,0,1
BRDA:48,17,0,1
BRDA:48,18,0,3
BRDA:51,19,0,1
BRDA:54,20,0,2
BRDA:73,21,0,1
BRDA:74,22,0,0
BRDA:88,23,0,0
BRDA:105,24,0,12
BRDA:117,25,0,19
BRDA:123,26,0,2
BRDA:139,27,0,9
BRDA:145,28,0,2
BRF:29
BRH:27
end_of_record
TN:
SF:src/sign-in-page/SignInPage.jsx
FN:8,SignInPage
FNF:1
FNH:1
FNDA:1,SignInPage
DA:1,1
DA:2,1
DA:3,1
DA:4,1
DA:5,1
DA:8,1
DA:9,1
DA:11,1
DA:12,1
DA:13,1
DA:15,1
DA:16,1
DA:17,1
DA:18,1
DA:21,1
DA:22,1
DA:23,1
DA:24,1
DA:25,1
DA:26,1
DA:27,1
DA:28,1
DA:29,1
DA:30,1
DA:33,1
DA:34,1
LF:26
LH:26
BRDA:8,0,0,1
BRDA:11,1,0,1
BRDA:13,2,0,0
BRDA:15,3,0,1
BRF:4
BRH:3
end_of_record
TN:
SF:src/start-page/GlassCanvas.jsx
FN:3,GlassCanvas
FNF:1
FNH:1
FNDA:1120,GlassCanvas
DA:1,1
DA:3,1120
DA:4,1120
DA:6,1120
DA:7,640
DA:8,640
DA:9,640
DA:10,640
DA:11,1120
DA:13,1120
DA:14,1120
DA:15,1120
DA:16,1120
DA:17,1120
DA:18,1120
DA:19,1120
DA:20,1120
DA:21,1120
DA:23,1120
DA:25,1
LF:20
LH:20
BRDA:3,0,0,1120
BRDA:6,1,0,640
BRF:2
BRH:2
end_of_record
TN:
SF:src/start-page/StartPage.jsx
FN:14,StartPage
FN:43,whoIsEntered
FNF:2
FNH:2
FNDA:8,StartPage
FNDA:2,whoIsEntered
DA:1,1
DA:2,1
DA:3,1
DA:4,1
DA:5,1
DA:6,1
DA:7,1
DA:8,1
DA:9,1
DA:10,1
DA:12,1
DA:14,8
DA:15,8
DA:16,8
DA:17,8
DA:18,8
DA:19,8
DA:21,8
DA:22,4
DA:23,4
DA:24,4
DA:27,4
DA:28,0
DA:29,4
DA:30,1
DA:31,1
DA:32,1
DA:34,3
DA:35,3
DA:36,3
DA:38,3
DA:39,3
DA:41,8
DA:43,8
DA:44,2
DA:45,1
DA:46,1
DA:47,1
DA:48,1
DA:49,0
DA:50,0
DA:51,2
DA:53,8
DA:54,8
DA:55,8
DA:56,8
DA:57,8
DA:58,8
DA:59,8
DA:61,8
DA:62,1
DA:63,1
DA:64,1
DA:65,1
DA:66,1
DA:67,1
DA:68,1
DA:69,1
DA:70,1
DA:71,1
DA:73,1
DA:75,1
DA:76,1
DA:78,1
DA:80,7
DA:81,7
DA:82,7
DA:83,7
DA:84,7
DA:85,7
DA:86,35
DA:87,35
DA:88,35
DA:89,35
DA:91,35
DA:92,35
DA:93,1120
DA:94,1120
DA:95,35
DA:96,35
DA:97,35
DA:98,7
DA:99,7
DA:100,7
DA:101,7
DA:102,7
DA:103,7
DA:104,7
DA:105,7
DA:106,7
DA:108,7
DA:109,7
DA:111,7
DA:113,1
LF:94
LH:91
BRDA:14,0,0,8
BRDA:61,1,0,1
BRDA:78,2,0,7
BRDA:21,3,0,4
BRDA:27,4,0,0
BRDA:29,5,0,3
BRDA:29,6,0,1
BRDA:32,7,0,3
BRDA:43,8,0,2
BRDA:44,9,0,1
BRDA:48,10,0,0
BRDA:85,11,0,35
BRDA:88,12,0,14
BRDA:88,13,0,21
BRDA:92,14,0,1120
BRF:15
BRH:13
end_of_record
TN:
SF:src/start-page/utils/canvaStyles.js
FN:1,canvaStyles
FNF:1
FNH:1
FNDA:646,canvaStyles
DA:1,1
DA:2,646
DA:3,645
DA:4,645
DA:5,645
DA:6,645
DA:7,645
LF:7
LH:7
BRDA:1,0,0,646
BRDA:2,1,0,1
BRDA:2,2,0,645
BRF:3
BRH:3
end_of_record
