TN:
SF:src/LevelPage.jsx
FN:1,(empty-report)
FNF:1
FNH:0
FNDA:0,(empty-report)
DA:1,0
DA:2,0
DA:3,0
DA:6,0
DA:7,0
LF:5
LH:0
BRDA:1,0,0,0
BRF:1
BRH:0
end_of_record
TN:
SF:src/ProtectedRoute.jsx
FN:1,(empty-report)
FNF:1
FNH:0
FNDA:0,(empty-report)
DA:1,0
DA:2,0
DA:4,0
DA:5,0
DA:7,0
DA:9,0
DA:10,0
DA:11,0
DA:12,0
DA:13,0
DA:14,0
DA:15,0
LF:12
LH:0
BRDA:1,0,0,0
BRF:1
BRH:0
end_of_record
TN:
SF:src/admin/AdminPage.jsx
FN:12,AdminPage
FNF:1
FNH:1
FNDA:3,AdminPage
DA:1,1
DA:2,1
DA:3,1
DA:10,1
DA:12,3
DA:13,3
DA:14,3
DA:15,3
DA:16,3
DA:17,3
DA:19,3
DA:21,3
DA:22,3
DA:23,3
DA:24,3
DA:25,3
DA:26,3
DA:27,3
DA:29,3
DA:30,2
DA:31,2
DA:32,2
DA:33,2
DA:34,2
DA:35,2
DA:36,2
DA:37,2
DA:38,2
DA:39,2
DA:40,2
DA:42,3
DA:44,3
DA:45,3
DA:46,3
DA:47,3
DA:48,3
DA:49,3
DA:50,3
DA:52,3
DA:53,3
DA:55,3
DA:57,1
LF:42
LH:42
BRDA:12,0,0,3
BRDA:14,1,0,2
BRDA:14,2,0,0
BRDA:29,3,0,2
BRF:4
BRH:3
end_of_record
TN:
SF:src/admin/bar-admin/AdminRegisterBarmanForm.jsx
FN:9,AdminRegisterBarmanForm
FN:29,onChange
FN:40,onSubmit
FN:123,onClick
FNF:4
FNH:3
FNDA:32,AdminRegisterBarmanForm
FNDA:16,onChange
FNDA:7,onSubmit
FNDA:0,onClick
DA:1,1
DA:2,1
DA:3,1
DA:4,1
DA:5,1
DA:6,1
DA:7,1
DA:9,32
DA:10,32
DA:11,32
DA:13,32
DA:14,32
DA:15,32
DA:16,32
DA:17,32
DA:18,32
DA:20,32
DA:21,32
DA:22,32
DA:24,32
DA:25,32
DA:26,32
DA:27,32
DA:29,32
DA:30,16
DA:31,16
DA:32,16
DA:33,16
DA:34,16
DA:35,16
DA:36,16
DA:37,16
DA:38,16
DA:40,32
DA:41,7
DA:42,7
DA:43,7
DA:45,7
DA:46,7
DA:47,7
DA:48,7
DA:49,7
DA:51,7
DA:52,7
DA:53,7
DA:54,1
DA:55,7
DA:56,1
DA:57,1
DA:58,7
DA:59,7
DA:61,7
DA:62,1
DA:63,1
DA:64,1
DA:66,4
DA:67,4
DA:68,4
DA:69,4
DA:70,4
DA:71,4
DA:72,7
DA:73,7
DA:74,7
DA:75,7
DA:76,7
DA:77,7
DA:78,7
DA:79,7
DA:80,7
DA:81,7
DA:82,7
DA:84,4
DA:86,7
DA:87,1
DA:88,1
DA:89,1
DA:90,1
DA:92,7
DA:93,1
DA:94,1
DA:95,1
DA:96,1
DA:98,7
DA:99,1
DA:100,1
DA:102,7
DA:103,7
DA:104,1
DA:105,7
DA:106,4
DA:107,4
DA:108,7
DA:110,32
DA:111,32
DA:112,32
DA:114,32
DA:115,32
DA:116,32
DA:117,32
DA:119,32
DA:120,32
DA:122,32
DA:123,32
DA:124,32
DA:126,32
LF:106
LH:106
BRDA:9,0,0,32
BRDA:119,1,0,4
BRDA:120,2,0,1
BRDA:122,3,0,4
BRDA:122,4,0,28
BRDA:29,5,0,16
BRDA:32,6,0,4
BRDA:33,7,0,4
BRDA:34,8,0,4
BRDA:35,9,0,4
BRDA:31,10,0,16
BRDA:40,11,0,7
BRDA:51,12,0,1
BRDA:52,13,0,1
BRDA:53,14,0,1
BRDA:55,15,0,6
BRDA:55,16,0,1
BRDA:58,17,0,1
BRDA:59,18,0,2
BRDA:59,19,0,5
BRDA:61,20,0,4
BRDA:61,21,0,1
BRDA:64,22,0,4
BRDA:72,23,0,0
BRDA:82,24,0,4
BRDA:86,25,0,1
BRDA:87,26,0,0
BRDA:90,27,0,3
BRDA:92,28,0,1
BRDA:93,29,0,0
BRDA:96,30,0,2
BRDA:98,31,0,1
BRDA:99,32,0,0
BRDA:99,33,0,0
BRDA:102,34,0,0
BRDA:103,35,0,1
BRDA:104,36,0,0
BRDA:105,37,0,2
BRDA:105,38,0,4
BRF:39
BRH:32
end_of_record
TN:
SF:src/admin/bar-admin/RegisterBarmanPage.jsx
FN:6,RegisterBarmenPage
FNF:1
FNH:1
FNDA:1,RegisterBarmenPage
DA:1,1
DA:2,1
DA:3,1
DA:6,1
DA:7,1
DA:8,1
DA:9,1
DA:10,1
DA:11,1
DA:12,1
DA:13,1
DA:16,1
DA:17,1
LF:13
LH:13
BRDA:6,0,0,1
BRF:1
BRH:1
end_of_record
TN:
SF:src/admin/super-admin/AdminRegisterBarForm.jsx
FN:10,AdminRegisterBarForm
FN:32,onChange
FN:45,isValidUrl
FN:55,onSubmit
FN:147,onClick
FNF:5
FNH:4
FNDA:22,AdminRegisterBarForm
FNDA:7,onChange
FNDA:1,isValidUrl
FNDA:6,onSubmit
FNDA:0,onClick
DA:1,1
DA:2,1
DA:3,1
DA:4,1
DA:5,1
DA:6,1
DA:7,1
DA:8,1
DA:10,22
DA:11,22
DA:12,22
DA:14,22
DA:15,22
DA:16,22
DA:17,22
DA:18,22
DA:19,22
DA:20,22
DA:22,22
DA:23,22
DA:24,22
DA:26,22
DA:27,22
DA:28,22
DA:29,22
DA:30,22
DA:32,22
DA:33,7
DA:34,7
DA:36,7
DA:37,7
DA:38,7
DA:39,7
DA:40,7
DA:41,7
DA:42,7
DA:43,7
DA:45,22
DA:46,1
DA:47,1
DA:48,1
DA:49,1
DA:50,1
DA:51,1
DA:52,1
DA:53,1
DA:55,22
DA:56,6
DA:57,6
DA:58,6
DA:60,6
DA:61,6
DA:62,6
DA:63,6
DA:64,6
DA:66,6
DA:68,6
DA:69,1
DA:70,1
DA:71,1
DA:73,6
DA:74,1
DA:75,1
DA:76,1
DA:78,6
DA:79,1
DA:80,1
DA:81,1
DA:83,6
DA:85,4
DA:86,4
DA:87,4
DA:88,4
DA:89,4
DA:90,6
DA:91,6
DA:92,6
DA:93,6
DA:95,6
DA:96,6
DA:97,6
DA:98,6
DA:100,6
DA:101,6
DA:102,6
DA:103,6
DA:105,4
DA:107,6
DA:108,1
DA:109,1
DA:110,1
DA:111,6
DA:112,1
DA:113,1
DA:114,1
DA:115,6
DA:116,1
DA:117,1
DA:118,1
DA:119,1
DA:120,0
DA:121,0
DA:122,1
DA:123,1
DA:125,6
DA:126,0
DA:127,0
DA:129,6
DA:130,6
DA:131,0
DA:132,6
DA:133,4
DA:134,4
DA:135,6
DA:137,22
DA:138,22
DA:139,22
DA:140,22
DA:141,22
DA:142,22
DA:143,22
DA:144,22
DA:145,22
DA:146,22
DA:147,22
DA:148,22
DA:150,22
LF:127
LH:122
BRDA:10,0,0,22
BRDA:144,1,0,2
BRDA:145,2,0,1
BRDA:146,3,0,4
BRDA:146,4,0,18
BRDA:32,5,0,7
BRDA:36,6,0,3
BRDA:37,7,0,0
BRDA:38,8,0,0
BRDA:39,9,0,1
BRDA:40,10,0,3
BRDA:34,11,0,7
BRDA:45,12,0,1
BRDA:46,13,0,0
BRDA:49,14,0,0
BRDA:55,15,0,6
BRDA:68,16,0,1
BRDA:73,17,0,1
BRDA:73,18,0,1
BRDA:78,19,0,1
BRDA:83,20,0,2
BRDA:83,21,0,4
BRDA:90,22,0,4
BRDA:91,23,0,4
BRDA:100,24,0,4
BRDA:100,25,0,0
BRDA:103,26,0,4
BRDA:107,27,0,1
BRDA:110,28,0,3
BRDA:111,29,0,1
BRDA:112,30,0,0
BRDA:114,31,0,2
BRDA:115,32,0,1
BRDA:116,33,0,0
BRDA:119,34,0,0
BRDA:125,35,0,0
BRDA:127,36,0,1
BRDA:129,37,0,0
BRDA:130,38,0,0
BRDA:132,39,0,1
BRDA:132,40,0,4
BRF:41
BRH:30
end_of_record
TN:
SF:src/admin/super-admin/RegisterBarPage.jsx
FN:6,RegisterBarPage
FNF:1
FNH:1
FNDA:1,RegisterBarPage
DA:1,1
DA:2,1
DA:3,1
DA:6,1
DA:7,1
DA:8,1
DA:9,1
DA:10,1
DA:11,1
DA:12,1
DA:13,1
DA:16,1
DA:17,1
LF:13
LH:13
BRDA:6,0,0,1
BRF:1
BRH:1
end_of_record
TN:
SF:src/admin/super-admin/SuperAssignUserPage.jsx
FN:14,SuperAssignUserPage
FN:47,onChange
FN:54,onToggleRole
FN:65,onSubmit
FN:119,onChange
FN:128,onChange
FN:146,onClick
FNF:7
FNH:5
FNDA:13,SuperAssignUserPage
FNDA:5,onChange
FNDA:1,onToggleRole
FNDA:2,onSubmit
FNDA:1,onChange
FNDA:0,onChange
FNDA:0,onClick
DA:1,1
DA:2,1
DA:3,1
DA:4,1
DA:5,1
DA:6,1
DA:7,1
DA:8,1
DA:9,1
DA:10,1
DA:11,1
DA:12,1
DA:14,13
DA:15,13
DA:16,13
DA:18,13
DA:19,13
DA:20,13
DA:21,13
DA:22,13
DA:23,13
DA:24,13
DA:25,13
DA:26,13
DA:28,13
DA:29,13
DA:30,13
DA:32,13
DA:33,2
DA:34,2
DA:35,2
DA:36,2
DA:37,2
DA:38,2
DA:39,2
DA:40,2
DA:41,0
DA:42,0
DA:43,0
DA:44,2
DA:45,13
DA:47,13
DA:48,5
DA:49,5
DA:50,5
DA:51,5
DA:52,5
DA:54,13
DA:55,1
DA:56,1
DA:57,1
DA:58,1
DA:59,1
DA:60,1
DA:61,1
DA:62,1
DA:63,1
DA:65,13
DA:66,2
DA:67,2
DA:68,2
DA:69,2
DA:70,0
DA:71,0
DA:72,2
DA:73,2
DA:74,2
DA:75,1
DA:76,1
DA:77,1
DA:78,1
DA:79,1
DA:80,1
DA:81,2
DA:82,2
DA:83,2
DA:84,2
DA:85,2
DA:86,2
DA:87,2
DA:88,2
DA:89,2
DA:90,2
DA:91,2
DA:92,1
DA:93,2
DA:94,0
DA:95,0
DA:96,0
DA:97,2
DA:98,2
DA:99,0
DA:100,2
DA:101,1
DA:102,1
DA:103,2
DA:105,13
DA:106,13
DA:107,13
DA:109,13
DA:110,13
DA:111,13
DA:113,13
DA:114,13
DA:115,13
DA:116,13
DA:117,13
DA:118,13
DA:119,13
DA:120,13
DA:122,13
DA:123,13
DA:124,13
DA:125,13
DA:126,13
DA:127,13
DA:128,13
DA:129,13
DA:131,13
DA:132,13
DA:133,13
DA:135,13
DA:136,13
DA:137,13
DA:138,13
DA:140,13
DA:141,13
DA:143,13
DA:144,13
DA:145,13
DA:146,13
DA:147,13
DA:149,13
LF:133
LH:124
BRDA:14,0,0,13
BRDA:140,1,0,2
BRDA:141,2,0,1
BRDA:144,3,0,1
BRDA:144,4,0,12
BRDA:32,5,0,2
BRDA:33,6,0,2
BRDA:36,7,0,0
BRDA:40,8,0,0
BRDA:47,9,0,5
BRDA:49,10,0,5
BRDA:54,11,0,1
BRDA:55,12,0,1
BRDA:56,13,0,0
BRDA:57,14,0,0
BRDA:65,15,0,2
BRDA:68,16,0,1
BRDA:69,17,0,1
BRDA:69,18,0,1
BRDA:69,19,0,0
BRDA:71,20,0,1
BRDA:72,21,0,0
BRDA:73,22,0,0
BRDA:73,23,0,1
BRDA:74,24,0,0
BRDA:74,25,0,1
BRDA:81,26,0,0
BRDA:91,27,0,1
BRDA:93,28,0,0
BRDA:96,29,0,1
BRDA:97,30,0,0
BRDA:98,31,0,0
BRDA:100,32,0,1
BRDA:72,33,0,2
BRDA:72,34,0,1
BRDA:110,35,0,18
BRDA:119,36,0,1
BRF:37
BRH:25
end_of_record
TN:
SF:src/admin/super-admin/SuperGrantBarAdminPage.jsx
FN:7,SuperGrantBarAdminPage
FN:23,loadBars
FN:48,loadStaff
FN:74,onSubmit
FN:107,onChange
FN:120,onChange
FN:129,onChange
FN:137,onClick
FNF:8
FNH:6
FNDA:11,SuperGrantBarAdminPage
FNDA:2,loadBars
FNDA:3,loadStaff
FNDA:2,onSubmit
FNDA:1,onChange
FNDA:1,onChange
FNDA:0,onChange
FNDA:0,onClick
DA:1,1
DA:2,1
DA:3,1
DA:4,1
DA:5,1
DA:7,11
DA:8,11
DA:9,11
DA:11,11
DA:12,11
DA:13,11
DA:14,11
DA:15,11
DA:16,11
DA:17,11
DA:18,11
DA:19,11
DA:21,11
DA:22,2
DA:23,2
DA:24,2
DA:25,2
DA:26,2
DA:27,2
DA:28,2
DA:29,2
DA:30,2
DA:31,2
DA:32,2
DA:33,2
DA:34,0
DA:35,2
DA:36,2
DA:37,0
DA:38,2
DA:39,2
DA:40,2
DA:41,2
DA:42,2
DA:43,2
DA:44,11
DA:46,11
DA:47,3
DA:48,3
DA:49,3
DA:50,3
DA:51,3
DA:52,1
DA:53,1
DA:54,1
DA:55,1
DA:56,3
DA:57,3
DA:58,3
DA:59,1
DA:60,1
DA:61,1
DA:62,0
DA:63,1
DA:64,3
DA:65,0
DA:66,3
DA:67,1
DA:68,1
DA:69,3
DA:70,3
DA:71,3
DA:72,11
DA:74,11
DA:75,2
DA:76,2
DA:77,2
DA:78,2
DA:79,1
DA:80,1
DA:81,1
DA:82,2
DA:83,2
DA:84,2
DA:85,1
DA:86,2
DA:87,2
DA:88,0
DA:89,0
DA:90,2
DA:92,11
DA:93,11
DA:94,1
DA:95,1
DA:96,11
DA:98,11
DA:99,11
DA:100,11
DA:102,11
DA:103,11
DA:104,11
DA:105,11
DA:106,11
DA:107,11
DA:108,11
DA:110,11
DA:111,5
DA:112,11
DA:113,11
DA:115,11
DA:116,11
DA:117,11
DA:118,11
DA:119,11
DA:120,11
DA:121,11
DA:122,11
DA:124,11
DA:125,2
DA:126,11
DA:127,11
DA:129,11
DA:130,11
DA:131,11
DA:132,11
DA:134,11
DA:135,11
DA:136,11
DA:137,11
DA:138,11
DA:140,11
LF:126
LH:120
BRDA:7,0,0,11
BRDA:121,1,0,4
BRDA:122,2,0,7
BRDA:122,3,0,4
BRDA:122,4,0,2
BRDA:122,5,0,2
BRDA:129,6,0,0
BRDA:134,7,0,2
BRDA:135,8,0,0
BRDA:21,9,0,2
BRDA:23,10,0,2
BRDA:28,11,0,0
BRDA:33,12,0,0
BRDA:33,13,0,0
BRDA:36,14,0,0
BRDA:43,15,0,2
BRDA:46,16,0,3
BRDA:48,17,0,3
BRDA:51,18,0,2
BRDA:51,19,0,1
BRDA:56,20,0,0
BRDA:58,21,0,1
BRDA:61,22,0,0
BRDA:61,23,0,0
BRDA:64,24,0,0
BRDA:66,25,0,1
BRDA:71,26,0,3
BRDA:74,27,0,2
BRDA:77,28,0,1
BRDA:78,29,0,0
BRDA:78,30,0,1
BRDA:82,31,0,0
BRDA:84,32,0,1
BRDA:86,33,0,0
BRDA:87,34,0,0
BRDA:92,35,0,4
BRDA:92,36,0,1
BRDA:93,37,0,6
BRDA:93,38,0,1
BRDA:95,39,0,0
BRDA:95,40,0,0
BRDA:107,41,0,1
BRDA:110,42,0,5
BRDA:120,43,0,1
BRDA:124,44,0,2
BRF:45
BRH:29
end_of_record
TN:
SF:src/admin/super-admin/SuperLoginPage.jsx
FN:10,SuperLoginPage
FN:19,onSubmit
FN:63,onChange
FN:74,onChange
FNF:4
FNH:4
FNDA:12,SuperLoginPage
FNDA:3,onSubmit
FNDA:2,onChange
FNDA:2,onChange
DA:1,1
DA:2,1
DA:3,1
DA:4,1
DA:5,1
DA:6,1
DA:7,1
DA:8,1
DA:10,12
DA:11,12
DA:12,12
DA:14,12
DA:15,12
DA:16,12
DA:17,12
DA:19,12
DA:20,3
DA:21,3
DA:22,1
DA:23,1
DA:24,1
DA:25,2
DA:26,2
DA:27,2
DA:28,2
DA:29,2
DA:30,2
DA:31,2
DA:32,2
DA:34,2
DA:36,3
DA:37,1
DA:38,1
DA:39,1
DA:41,1
DA:42,3
DA:43,3
DA:45,3
DA:46,3
DA:47,0
DA:48,3
DA:49,2
DA:50,2
DA:51,3
DA:53,12
DA:54,12
DA:55,12
DA:57,12
DA:59,12
DA:60,12
DA:61,12
DA:62,12
DA:63,12
DA:64,12
DA:65,12
DA:66,12
DA:67,12
DA:69,12
DA:70,12
DA:71,12
DA:72,12
DA:73,12
DA:74,12
DA:75,12
DA:76,12
DA:77,12
DA:78,12
DA:80,12
DA:81,2
DA:82,2
DA:83,2
DA:86,12
DA:87,12
DA:88,12
DA:89,12
DA:91,12
LF:76
LH:75
BRDA:10,0,0,12
BRDA:80,1,0,2
BRDA:87,2,0,2
BRDA:87,3,0,10
BRDA:19,4,0,3
BRDA:21,5,0,2
BRDA:21,6,0,1
BRDA:24,7,0,2
BRDA:36,8,0,1
BRDA:37,9,0,0
BRDA:42,10,0,1
BRDA:42,11,0,0
BRDA:46,12,0,0
BRDA:48,13,0,1
BRDA:48,14,0,2
BRDA:63,15,0,2
BRDA:74,16,0,2
BRF:17
BRH:14
end_of_record
TN:
SF:src/authContext/AuthContext.jsx
FN:5,AuthProvider
FN:54,logout
FNF:2
FNH:2
FNDA:33,AuthProvider
FNDA:1,logout
DA:1,1
DA:3,1
DA:5,1
DA:6,33
DA:7,33
DA:8,24
DA:9,33
DA:10,33
DA:11,24
DA:12,24
DA:13,33
DA:15,33
DA:16,24
DA:17,33
DA:18,33
DA:19,24
DA:20,0
DA:21,24
DA:22,24
DA:23,24
DA:24,33
DA:26,33
DA:27,24
DA:28,33
DA:29,33
DA:30,24
DA:31,0
DA:32,24
DA:33,24
DA:34,24
DA:35,33
DA:37,33
DA:38,29
DA:39,21
DA:40,33
DA:42,33
DA:43,29
DA:44,33
DA:46,33
DA:47,29
DA:48,10
DA:49,29
DA:50,19
DA:51,19
DA:52,33
DA:54,33
DA:55,1
DA:56,1
DA:57,1
DA:58,1
DA:60,33
DA:61,33
DA:62,33
DA:64,1
LF:54
LH:52
BRDA:5,0,0,33
BRDA:6,1,0,24
BRDA:6,2,0,19
BRDA:7,3,0,24
BRDA:8,4,0,19
BRDA:8,5,0,0
BRDA:10,6,0,24
BRDA:12,7,0,7
BRDA:12,8,0,17
BRDA:15,9,0,24
BRDA:18,10,0,24
BRDA:19,11,0,0
BRDA:26,12,0,24
BRDA:29,13,0,24
BRDA:30,14,0,0
BRDA:37,15,0,29
BRDA:38,16,0,21
BRDA:38,17,0,8
BRDA:42,18,0,29
BRDA:43,19,0,1
BRDA:46,20,0,29
BRDA:47,21,0,10
BRDA:49,22,0,19
BRDA:54,23,0,1
BRDA:60,24,0,33
BRF:25
BRH:22
end_of_record
TN:
SF:src/authContext/useAuth.js
FN:4,useAuth
FNF:1
FNH:1
FNDA:23,useAuth
DA:1,1
DA:2,1
DA:4,1
DA:5,23
DA:6,23
LF:5
LH:5
BRDA:4,0,0,23
BRF:1
BRH:1
end_of_record
TN:
SF:src/icons/heartIcon.js
FN:1,drawHeartIcon
FNF:1
FNH:1
FNDA:5,drawHeartIcon
DA:1,1
DA:2,5
DA:4,5
DA:5,5
DA:7,5
DA:9,5
DA:10,5
DA:11,5
DA:13,5
DA:14,5
DA:16,5
DA:17,5
DA:19,5
DA:21,5
DA:22,5
DA:23,5
DA:24,5
DA:25,5
DA:27,5
DA:28,5
DA:29,5
DA:30,5
DA:31,5
DA:32,5
DA:34,5
DA:35,5
DA:36,5
DA:37,5
DA:38,5
DA:39,5
DA:41,5
DA:42,5
DA:43,5
DA:44,5
DA:45,5
DA:47,5
DA:48,5
DA:49,5
DA:50,5
LF:39
LH:39
BRDA:1,0,0,5
BRDA:2,1,0,0
BRDA:5,2,0,0
BRDA:7,3,0,0
BRF:4
BRH:1
end_of_record
TN:
SF:src/icons/starIcon.js
FN:1,drawStarIcon
FN:51,clamp
FN:58,cutSegment
FNF:3
FNH:3
FNDA:5,drawStarIcon
FNDA:10,clamp
FNDA:100,cutSegment
DA:1,1
DA:2,5
DA:3,5
DA:4,5
DA:5,5
DA:6,5
DA:7,5
DA:8,5
DA:9,5
DA:10,5
DA:12,5
DA:13,5
DA:15,5
DA:17,5
DA:18,5
DA:19,5
DA:21,5
DA:22,5
DA:24,5
DA:25,5
DA:27,5
DA:29,5
DA:30,5
DA:31,5
DA:33,5
DA:34,5
DA:35,5
DA:36,5
DA:38,5
DA:39,5
DA:40,50
DA:41,50
DA:42,50
DA:43,50
DA:44,50
DA:45,50
DA:46,50
DA:47,50
DA:48,50
DA:49,50
DA:51,5
DA:52,5
DA:53,5
DA:55,5
DA:56,5
DA:58,5
DA:59,100
DA:60,100
DA:61,100
DA:62,100
DA:63,100
DA:64,100
DA:65,100
DA:66,100
DA:67,100
DA:68,100
DA:69,100
DA:70,100
DA:72,5
DA:73,5
DA:74,50
DA:75,50
DA:76,50
DA:78,50
DA:80,50
DA:81,50
DA:83,50
DA:84,5
DA:85,50
DA:86,45
DA:87,45
DA:89,50
DA:91,50
DA:92,5
DA:94,5
DA:95,5
DA:96,5
DA:97,5
DA:98,5
LF:79
LH:79
BRDA:1,0,0,5
BRDA:10,1,0,0
BRDA:13,2,0,0
BRDA:15,3,0,0
BRDA:39,4,0,50
BRDA:41,5,0,25
BRDA:41,6,0,25
BRDA:73,7,0,50
BRDA:78,8,0,25
BRDA:78,9,0,25
BRDA:83,10,0,5
BRDA:85,11,0,45
BRDA:51,12,0,10
BRDA:58,13,0,100
BRF:14
BRH:11
end_of_record
TN:
SF:src/icons/userIcon.js
FN:1,drawUserIcon
FNF:1
FNH:1
FNDA:5,drawUserIcon
DA:1,1
DA:2,5
DA:4,5
DA:5,5
DA:7,5
DA:9,5
DA:10,5
DA:11,5
DA:13,5
DA:14,5
DA:16,5
DA:17,5
DA:19,5
DA:21,5
DA:22,5
DA:24,5
DA:25,5
DA:26,5
DA:28,5
DA:29,5
DA:30,5
DA:31,5
DA:33,5
DA:34,5
DA:35,5
DA:36,5
DA:38,5
DA:39,5
DA:40,5
DA:41,5
DA:42,5
DA:43,5
DA:45,5
DA:46,5
DA:47,5
DA:48,5
DA:49,5
DA:50,5
DA:51,5
DA:52,5
DA:53,5
DA:55,5
DA:56,5
DA:57,5
DA:58,5
DA:59,5
LF:46
LH:46
BRDA:1,0,0,5
BRDA:2,1,0,0
BRDA:5,2,0,0
BRDA:7,3,0,0
BRF:4
BRH:1
end_of_record
TN:
SF:src/menu-page/CardsGrid.jsx
FN:1,(empty-report)
FNF:1
FNH:0
FNDA:0,(empty-report)
DA:1,0
DA:2,0
DA:3,0
DA:5,0
DA:7,0
DA:8,0
DA:10,0
DA:11,0
DA:12,0
DA:13,0
DA:14,0
DA:16,0
DA:17,0
DA:18,0
DA:19,0
DA:20,0
DA:21,0
DA:22,0
DA:24,0
DA:25,0
DA:26,0
DA:27,0
DA:28,0
DA:29,0
DA:30,0
DA:31,0
DA:32,0
DA:33,0
DA:34,0
DA:36,0
DA:37,0
DA:40,0
DA:42,0
DA:43,0
LF:34
LH:0
BRDA:1,0,0,0
BRF:1
BRH:0
end_of_record
TN:
SF:src/menu-page/Menu.jsx
FN:13,Menu
FN:47,onClick
FN:62,onChange
FNF:3
FNH:3
FNDA:15,Menu
FNDA:1,onClick
FNDA:7,onChange
DA:1,1
DA:2,1
DA:3,1
DA:4,1
DA:5,1
DA:6,1
DA:7,1
DA:8,1
DA:9,1
DA:10,1
DA:11,1
DA:13,15
DA:14,15
DA:15,15
DA:16,15
DA:17,15
DA:18,15
DA:19,15
DA:21,15
DA:23,15
DA:24,5
DA:26,5
DA:28,3
DA:29,3
DA:30,3
DA:31,3
DA:32,3
DA:33,3
DA:34,3
DA:35,15
DA:38,15
DA:40,15
DA:41,15
DA:42,15
DA:43,1
DA:44,1
DA:45,1
DA:46,1
DA:47,1
DA:48,1
DA:49,14
DA:50,15
DA:51,15
DA:52,15
DA:54,15
DA:55,15
DA:56,15
DA:57,15
DA:58,15
DA:59,15
DA:60,15
DA:61,15
DA:62,15
DA:63,15
DA:64,15
DA:65,15
DA:66,15
DA:67,15
DA:69,15
DA:70,15
DA:71,15
DA:72,15
DA:74,15
DA:75,15
DA:76,15
DA:77,15
DA:78,9
DA:80,6
DA:83,15
DA:85,15
DA:86,1
LF:71
LH:71
BRDA:13,0,0,15
BRDA:42,1,0,1
BRDA:48,2,0,14
BRDA:77,3,0,9
BRDA:78,4,0,6
BRDA:23,5,0,5
BRDA:26,6,0,2
BRDA:26,7,0,3
BRDA:29,8,0,3
BRDA:30,9,0,3
BRDA:38,10,0,18
BRDA:47,11,0,1
BRDA:62,12,0,7
BRF:13
BRH:13
end_of_record
TN:
SF:src/menu-page/RecipeCard.jsx
FN:1,(empty-report)
FNF:1
FNH:0
FNDA:0,(empty-report)
DA:1,0
DA:2,0
DA:3,0
DA:5,0
DA:6,0
DA:8,0
DA:9,0
DA:10,0
DA:11,0
DA:12,0
DA:13,0
DA:14,0
DA:15,0
DA:16,0
DA:17,0
DA:18,0
DA:19,0
DA:20,0
DA:22,0
DA:23,0
DA:24,0
DA:25,0
DA:26,0
DA:27,0
DA:28,0
DA:30,0
DA:31,0
DA:32,0
DA:33,0
DA:34,0
DA:35,0
DA:36,0
DA:37,0
DA:39,0
DA:42,0
DA:43,0
LF:36
LH:0
BRDA:1,0,0,0
BRF:1
BRH:0
end_of_record
TN:
SF:src/personal-acount-page/PersonalAccountPage.jsx
FN:10,PersonalAccountPage
FNF:1
FNH:1
FNDA:8,PersonalAccountPage
DA:1,1
DA:2,1
DA:3,1
DA:4,1
DA:5,1
DA:6,1
DA:7,1
DA:8,1
DA:10,8
DA:11,8
DA:12,8
DA:13,8
DA:15,8
DA:16,8
DA:18,8
DA:19,8
DA:21,8
DA:22,5
DA:23,5
DA:24,5
DA:25,8
DA:27,8
DA:28,5
DA:30,4
DA:32,4
DA:33,4
DA:34,4
DA:35,4
DA:36,4
DA:37,4
DA:38,1
DA:39,1
DA:40,3
DA:41,3
DA:42,4
DA:43,4
DA:44,4
DA:45,0
DA:46,0
DA:47,4
DA:49,4
DA:50,8
DA:52,8
DA:53,8
DA:54,8
DA:55,8
DA:56,8
DA:57,8
DA:58,8
DA:59,8
DA:60,8
DA:62,8
DA:63,8
DA:64,8
DA:65,8
DA:66,8
DA:67,8
DA:68,8
DA:69,8
DA:71,8
DA:73,8
DA:74,8
DA:75,8
DA:76,8
DA:77,8
DA:78,8
DA:79,8
DA:80,8
DA:81,8
DA:83,8
DA:84,2
DA:85,2
DA:86,2
DA:88,2
DA:89,2
DA:91,8
DA:93,8
DA:95,1
LF:78
LH:76
BRDA:10,0,0,8
BRDA:83,1,0,2
BRDA:21,2,0,5
BRDA:27,3,0,5
BRDA:28,4,0,1
BRDA:28,5,0,4
BRDA:32,6,0,4
BRDA:37,7,0,1
BRDA:39,8,0,3
BRDA:41,9,0,0
BRDA:41,10,0,3
BRDA:42,11,0,0
BRDA:43,12,0,3
BRDA:43,13,0,3
BRDA:43,14,0,0
BRDA:44,15,0,0
BRDA:49,16,0,4
BRF:17
BRH:13
end_of_record
TN:
SF:src/sign-in-page/BarmanAuthForm.jsx
FN:11,BarmanAuthForm
FN:24,handleSubmit
FN:110,onChange
FN:122,onChange
FN:128,onClick
FN:145,onChange
FN:151,onClick
FNF:7
FNH:7
FNDA:75,BarmanAuthForm
FNDA:5,handleSubmit
FNDA:16,onChange
FNDA:25,onChange
FNDA:2,onClick
FNDA:17,onChange
FNDA:2,onClick
DA:1,1
DA:2,1
DA:3,1
DA:4,1
DA:5,1
DA:6,1
DA:7,1
DA:8,1
DA:9,1
DA:11,75
DA:12,75
DA:13,75
DA:14,75
DA:15,75
DA:16,75
DA:17,75
DA:18,75
DA:19,75
DA:20,75
DA:22,75
DA:24,75
DA:25,5
DA:27,5
DA:28,5
DA:29,5
DA:31,5
DA:32,5
DA:33,1
DA:34,1
DA:35,1
DA:36,5
DA:37,1
DA:38,1
DA:39,1
DA:40,5
DA:41,1
DA:42,1
DA:43,1
DA:44,5
DA:46,4
DA:47,5
DA:48,1
DA:49,1
DA:50,1
DA:52,3
DA:53,3
DA:54,3
DA:55,3
DA:56,3
DA:57,3
DA:58,3
DA:59,3
DA:60,3
DA:61,3
DA:62,3
DA:64,3
DA:65,3
DA:67,5
DA:68,2
DA:69,1
DA:70,1
DA:71,1
DA:72,1
DA:73,0
DA:74,0
DA:75,2
DA:76,2
DA:78,5
DA:79,0
DA:80,0
DA:81,0
DA:83,5
DA:84,1
DA:85,1
DA:86,1
DA:87,1
DA:88,1
DA:90,1
DA:91,1
DA:93,5
DA:94,0
DA:95,0
DA:96,5
DA:98,75
DA:99,75
DA:100,75
DA:101,75
DA:102,75
DA:104,75
DA:105,75
DA:106,75
DA:107,75
DA:108,75
DA:109,75
DA:110,75
DA:111,75
DA:112,75
DA:113,75
DA:115,75
DA:116,75
DA:117,75
DA:118,75
DA:119,75
DA:120,75
DA:121,75
DA:122,75
DA:123,75
DA:124,75
DA:125,75
DA:126,75
DA:127,75
DA:128,75
DA:129,75
DA:130,75
DA:132,75
DA:134,75
DA:136,75
DA:138,75
DA:139,75
DA:140,75
DA:141,75
DA:142,75
DA:143,75
DA:144,75
DA:145,75
DA:146,75
DA:147,75
DA:148,75
DA:149,75
DA:150,75
DA:151,75
DA:152,75
DA:153,75
DA:155,75
DA:157,75
DA:158,75
DA:160,75
DA:162,75
DA:163,75
DA:165,75
LF:140
LH:133
BRDA:11,0,0,75
BRDA:120,1,0,74
BRDA:120,2,0,1
BRDA:129,3,0,74
BRDA:129,4,0,1
BRDA:143,5,0,74
BRDA:143,6,0,1
BRDA:152,7,0,74
BRDA:152,8,0,1
BRDA:24,9,0,5
BRDA:32,10,0,1
BRDA:36,11,0,1
BRDA:40,12,0,1
BRDA:44,13,0,1
BRDA:44,14,0,4
BRDA:47,15,0,1
BRDA:50,16,0,3
BRDA:67,17,0,2
BRDA:68,18,0,1
BRDA:72,19,0,0
BRDA:76,20,0,1
BRDA:78,21,0,0
BRDA:81,22,0,1
BRDA:83,23,0,1
BRDA:85,24,0,0
BRDA:93,25,0,0
BRDA:110,26,0,16
BRDA:122,27,0,25
BRDA:128,28,0,2
BRDA:145,29,0,17
BRDA:151,30,0,2
BRF:31
BRH:27
end_of_record
TN:
SF:src/sign-in-page/SignInPage.jsx
FN:8,SignInPage
FNF:1
FNH:1
FNDA:1,SignInPage
DA:1,1
DA:2,1
DA:3,1
DA:4,1
DA:5,1
DA:8,1
DA:9,1
DA:11,1
DA:12,1
DA:13,1
DA:15,1
DA:16,1
DA:17,1
DA:18,1
DA:21,1
DA:22,1
DA:23,1
DA:24,1
DA:25,1
DA:26,1
DA:27,1
DA:29,1
DA:32,1
DA:33,1
LF:24
LH:24
BRDA:8,0,0,1
BRDA:11,1,0,1
BRDA:13,2,0,0
BRDA:15,3,0,1
BRF:4
BRH:3
end_of_record
